<?xml version="1.0" encoding="UTF-8"?>
<testsuite name="tests.CreateCv" tests="1" skipped="0" failures="1" errors="0" timestamp="2022-08-05T17:22:26" hostname="ARTEMKA" time="4.463">
  <properties/>
  <testcase name="createResume" classname="tests.CreateCv" time="4.463">
    <failure message="java.lang.AssertionError: expected [true] but found [false]" type="java.lang.AssertionError">java.lang.AssertionError: expected [true] but found [false]
	at org.testng.Assert.fail(Assert.java:99)
	at org.testng.Assert.failNotEquals(Assert.java:1037)
	at org.testng.Assert.assertTrue(Assert.java:45)
	at org.testng.Assert.assertTrue(Assert.java:55)
	at tests.CreateCv.createResume(CreateCv.java:26)
	at sun.reflect.NativeMethodAccessorImpl.invoke0(Native Method)
	at sun.reflect.NativeMethodAccessorImpl.invoke(NativeMethodAccessorImpl.java:62)
	at sun.reflect.DelegatingMethodAccessorImpl.invoke(DelegatingMethodAccessorImpl.java:43)
	at java.lang.reflect.Method.invoke(Method.java:498)
	at org.testng.internal.MethodInvocationHelper.invokeMethod(MethodInvocationHelper.java:133)
	at org.testng.internal.TestInvoker.invokeMethod(TestInvoker.java:598)
	at org.testng.internal.TestInvoker.invokeTestMethod(TestInvoker.java:173)
	at org.testng.internal.MethodRunner.runInSequence(MethodRunner.java:46)
	at org.testng.internal.TestInvoker$MethodInvocationAgent.invoke(TestInvoker.java:824)
	at org.testng.internal.TestInvoker.invokeTestMethods(TestInvoker.java:146)
	at org.testng.internal.TestMethodWorker.invokeTestMethods(TestMethodWorker.java:146)
	at org.testng.internal.TestMethodWorker.run(TestMethodWorker.java:128)
	at java.util.ArrayList.forEach(ArrayList.java:1259)
	at org.testng.TestRunner.privateRun(TestRunner.java:794)
	at org.testng.TestRunner.run(TestRunner.java:596)
	at org.testng.SuiteRunner.runTest(SuiteRunner.java:377)
	at org.testng.SuiteRunner.runSequentially(SuiteRunner.java:371)
	at org.testng.SuiteRunner.privateRun(SuiteRunner.java:332)
	at org.testng.SuiteRunner.run(SuiteRunner.java:276)
	at org.testng.SuiteRunnerWorker.runSuite(SuiteRunnerWorker.java:53)
	at org.testng.SuiteRunnerWorker.run(SuiteRunnerWorker.java:96)
	at org.testng.TestNG.runSuitesSequentially(TestNG.java:1212)
	at org.testng.TestNG.runSuitesLocally(TestNG.java:1134)
	at org.testng.TestNG.runSuites(TestNG.java:1063)
	at org.testng.TestNG.run(TestNG.java:1031)
	at org.gradle.api.internal.tasks.testing.testng.TestNGTestClassProcessor.runTests(TestNGTestClassProcessor.java:141)
	at org.gradle.api.internal.tasks.testing.testng.TestNGTestClassProcessor.stop(TestNGTestClassProcessor.java:90)
	at org.gradle.api.internal.tasks.testing.SuiteTestClassProcessor.stop(SuiteTestClassProcessor.java:61)
	at sun.reflect.NativeMethodAccessorImpl.invoke0(Native Method)
	at sun.reflect.NativeMethodAccessorImpl.invoke(NativeMethodAccessorImpl.java:62)
	at sun.reflect.DelegatingMethodAccessorImpl.invoke(DelegatingMethodAccessorImpl.java:43)
	at java.lang.reflect.Method.invoke(Method.java:498)
	at org.gradle.internal.dispatch.ReflectionDispatch.dispatch(ReflectionDispatch.java:36)
	at org.gradle.internal.dispatch.ReflectionDispatch.dispatch(ReflectionDispatch.java:24)
	at org.gradle.internal.dispatch.ContextClassLoaderDispatch.dispatch(ContextClassLoaderDispatch.java:33)
	at org.gradle.internal.dispatch.ProxyDispatchAdapter$DispatchingInvocationHandler.invoke(ProxyDispatchAdapter.java:94)
	at com.sun.proxy.$Proxy2.stop(Unknown Source)
	at org.gradle.api.internal.tasks.testing.worker.TestWorker$3.run(TestWorker.java:193)
	at org.gradle.api.internal.tasks.testing.worker.TestWorker.executeAndMaintainThreadName(TestWorker.java:129)
	at org.gradle.api.internal.tasks.testing.worker.TestWorker.execute(TestWorker.java:100)
	at org.gradle.api.internal.tasks.testing.worker.TestWorker.execute(TestWorker.java:60)
	at org.gradle.process.internal.worker.child.ActionExecutionWorker.execute(ActionExecutionWorker.java:56)
	at org.gradle.process.internal.worker.child.SystemApplicationClassLoaderWorker.call(SystemApplicationClassLoaderWorker.java:133)
	at org.gradle.process.internal.worker.child.SystemApplicationClassLoaderWorker.call(SystemApplicationClassLoaderWorker.java:71)
	at worker.org.gradle.process.internal.worker.GradleWorkerMain.run(GradleWorkerMain.java:69)
	at worker.org.gradle.process.internal.worker.GradleWorkerMain.main(GradleWorkerMain.java:74)
</failure>
  </testcase>
  <system-out><![CDATA[20:22:26 INFO  tests.TestBase - start to test method ->>createResume
20:22:26 INFO  manager.MyListener - start search for element with locator->>By.xpath: //span[.='create CV']
20:22:26 INFO  manager.MyListener - element with locator->> By.xpath: //span[.='create CV'] was found
20:22:26 INFO  manager.MyListener - start search for element with locator->>By.xpath: (//div[@class='cover'])[1]
20:22:28 INFO  manager.MyListener - element with locator->> By.xpath: (//div[@class='cover'])[1] was found
20:22:28 INFO  manager.MyListener - start search for element with locator->>By.id: name
20:22:28 INFO  manager.MyListener - element with locator->> By.id: name was found
20:22:28 INFO  manager.MyListener - start search for element with locator->>By.id: position
20:22:28 INFO  manager.MyListener - element with locator->> By.id: position was found
20:22:28 INFO  manager.MyListener - start search for element with locator->>By.xpath: //*[@aria-label='Open calendar']
20:22:28 INFO  manager.MyListener - element with locator->> By.xpath: //*[@aria-label='Open calendar'] was found
20:22:28 INFO  manager.MyListener - start search for element with locator->>By.cssSelector: button[aria-label='Choose month and year']
20:22:28 INFO  manager.MyListener - element with locator->> By.cssSelector: button[aria-label='Choose month and year'] was found
20:22:29 INFO  manager.MyListener - start search for element with locator->>By.cssSelector: tbody[role='grid'] tr:first-child td:first-child
20:22:29 INFO  manager.MyListener - element with locator->> By.cssSelector: tbody[role='grid'] tr:first-child td:first-child was found
20:22:29 INFO  manager.MyListener - start search for element with locator->>By.xpath: //*[@aria-label='Previous 20 years']
20:22:29 INFO  manager.MyListener - element with locator->> By.xpath: //*[@aria-label='Previous 20 years'] was found
20:22:29 INFO  manager.MyListener - start search for element with locator->>By.cssSelector: tbody[role='grid'] tr:first-child td:first-child
20:22:29 INFO  manager.MyListener - element with locator->> By.cssSelector: tbody[role='grid'] tr:first-child td:first-child was found
20:22:29 INFO  manager.MyListener - start search for element with locator->>By.xpath: //*[.=' 1973 ']
20:22:29 INFO  manager.MyListener - element with locator->> By.xpath: //*[.=' 1973 '] was found
20:22:29 INFO  manager.MyListener - start search for element with locator->>By.xpath: //td[.=' AUG ']
20:22:29 INFO  manager.MyListener - element with locator->> By.xpath: //td[.=' AUG '] was found
20:22:29 INFO  manager.MyListener - start search for element with locator->>By.xpath: //div[.=' 12 ']
20:22:29 INFO  manager.MyListener - element with locator->> By.xpath: //div[.=' 12 '] was found
20:22:29 INFO  manager.MyListener - start search for element with locator->>By.id: country
20:22:29 INFO  manager.MyListener - element with locator->> By.id: country was found
20:22:29 INFO  manager.MyListener - start search for element with locator->>By.id: city
20:22:29 INFO  manager.MyListener - element with locator->> By.id: city was found
20:22:29 INFO  manager.MyListener - start search for element with locator->>By.id: phone
20:22:29 INFO  manager.MyListener - element with locator->> By.id: phone was found
20:22:29 INFO  manager.MyListener - start search for element with locator->>By.id: email
20:22:29 INFO  manager.MyListener - element with locator->> By.id: email was found
20:22:30 INFO  manager.MyListener - start search for element with locator->>By.xpath: //span[.='Save']
20:22:30 INFO  manager.MyListener - element with locator->> By.xpath: //span[.='Save'] was found
20:22:30 INFO  manager.MyListener - start search for element with locator->>By.cssSelector: section#header div[class=title] h2
20:22:30 INFO  manager.MyListener - element with locator->> By.cssSelector: section#header div[class=title] h2 was found
20:22:30 INFO  manager.MyListener - start search for element with locator->>By.id: experience
20:22:30 INFO  manager.MyListener - element with locator->> By.id: experience was found
20:22:30 INFO  manager.MyListener - start search for element with locator->>By.id: startDate
20:22:30 INFO  manager.MyListener - element with locator->> By.id: startDate was found
20:22:30 INFO  manager.MyListener - start search for element with locator->>By.id: endDate
20:22:30 INFO  manager.MyListener - element with locator->> By.id: endDate was found
20:22:30 INFO  manager.MyListener - start search for element with locator->>By.id: companyName
20:22:30 INFO  manager.MyListener - element with locator->> By.id: companyName was found
20:22:30 INFO  manager.MyListener - start search for element with locator->>By.id: companyLocation
20:22:30 INFO  manager.MyListener - element with locator->> By.id: companyLocation was found
20:22:30 INFO  manager.MyListener - start search for element with locator->>By.id: url
20:22:30 INFO  manager.MyListener - element with locator->> By.id: url was found
20:22:31 INFO  manager.MyListener - start search for element with locator->>By.id: position
20:22:31 INFO  manager.MyListener - element with locator->> By.id: position was found
20:22:31 INFO  manager.MyListener - start search for element with locator->>By.cssSelector: button[type='submit']
20:22:31 INFO  manager.MyListener - element with locator->> By.cssSelector: button[type='submit'] was found
20:22:31 INFO  manager.MyListener - start search for element with locator->>By.cssSelector: section#experience ul
20:22:31 INFO  manager.MyListener - element with locator->> By.cssSelector: section#experience ul was found
20:22:31 INFO  tests.TestBase - end to test method ->>createResume
]]></system-out>
  <system-err><![CDATA[]]></system-err>
</testsuite>
