<?xml version="1.0" encoding="UTF-8"?>
<testsuite name="tests.DeleteCv" tests="2" skipped="0" failures="0" errors="0" timestamp="2022-08-16T06:58:18" hostname="DESKTOP-KF54E9L" time="50.018">
  <properties/>
  <testcase name="deleteAllByName" classname="tests.DeleteCv" time="43.629"/>
  <testcase name="deleteByName" classname="tests.DeleteCv" time="6.366"/>
  <system-out><![CDATA[09:58:03 INFO  manager.MyListener - start search for element with locator->>By.xpath: //*[text()=' logout ']
09:58:13 INFO  manager.MyListener - element with locator->> By.xpath: //*[text()=' logout '] was found
09:58:13 INFO  manager.MyListener - start search for element with locator->>By.xpath: //*[.='sign in']
09:58:13 INFO  manager.MyListener - element with locator->> By.xpath: //*[.='sign in'] was found
09:58:13 INFO  manager.MyListener - start search for element with locator->>By.cssSelector: input#email
09:58:17 INFO  manager.MyListener - element with locator->> By.cssSelector: input#email was found
09:58:18 INFO  manager.MyListener - start search for element with locator->>By.cssSelector: input#password
09:58:18 INFO  manager.MyListener - element with locator->> By.cssSelector: input#password was found
09:58:18 INFO  manager.MyListener - start search for element with locator->>By.cssSelector:  button[type='submit']
09:58:18 INFO  manager.MyListener - element with locator->> By.cssSelector:  button[type='submit'] was found
09:58:18 INFO  tests.TestBase - start to test method ->>deleteAllByName
09:58:18 INFO  manager.MyListener - start search for element with locator->>By.cssSelector: ul[class='ng-star-inserted'] li cv-seeker-cv-row
09:58:21 INFO  manager.MyListener - element with locator->> By.cssSelector: ul[class='ng-star-inserted'] li cv-seeker-cv-row was found
09:58:21 INFO  manager.HelperBase - Total amount of already created CV = ->>24
09:58:22 INFO  manager.HelperBase - Cv with name ->>Pasha to be deleted
09:58:23 INFO  manager.MyListener - start search for element with locator->>By.xpath: //button[. = 'delete']
09:58:23 INFO  manager.MyListener - element with locator->> By.xpath: //button[. = 'delete'] was found
09:58:24 INFO  manager.MyListener - start search for element with locator->>By.xpath: //button[. = 'Delete ']
09:58:24 INFO  manager.MyListener - element with locator->> By.xpath: //button[. = 'Delete '] was found
09:58:24 INFO  manager.MyListener - start search for element with locator->>By.xpath: //cv-toast-message[@class='ng-star-inserted']
09:58:25 INFO  manager.MyListener - element with locator->> By.xpath: //cv-toast-message[@class='ng-star-inserted'] was found
09:58:25 INFO  manager.HelperBase - After delete action Message received:->>Success
CV was deleted
09:58:29 INFO  manager.MyListener - Something went wrong->>https://cv-bank-new.web.app/seeker/dashboard
09:58:29 INFO  manager.MyListener - stale element reference: element is not attached to the page document
  (Session info: chrome=104.0.5112.81)
For documentation on this error, please visit: https://www.seleniumhq.org/exceptions/stale_element_reference.html
Build info: version: '3.141.59', revision: 'e82be7d358', time: '2018-11-14T08:17:03'
System info: host: 'DESKTOP-KF54E9L', ip: '192.168.42.118', os.name: 'Windows 10', os.arch: 'amd64', os.version: '10.0', java.version: '1.8.0_321'
Driver info: org.openqa.selenium.chrome.ChromeDriver
Capabilities {acceptInsecureCerts: false, browserName: chrome, browserVersion: 104.0.5112.81, chrome: {chromedriverVersion: 103.0.5060.134 (8ec6fce403b..., userDataDir: C:\Users\Olga\AppData\Local...}, goog:chromeOptions: {debuggerAddress: localhost:58018}, javascriptEnabled: true, networkConnectionEnabled: false, pageLoadStrategy: normal, platform: WINDOWS, platformName: WINDOWS, proxy: Proxy(), setWindowRect: true, strictFileInteractability: false, timeouts: {implicit: 0, pageLoad: 300000, script: 30000}, unhandledPromptBehavior: dismiss and notify, webauthn:extension:credBlob: true, webauthn:extension:largeBlob: true, webauthn:virtualAuthenticators: true}
Session ID: a264d9100993c3d3ecbbd85fd1a7d127
09:58:29 INFO  manager.MyListener - org.openqa.selenium.StaleElementReferenceException: stale element reference: element is not attached to the page document
  (Session info: chrome=104.0.5112.81)
For documentation on this error, please visit: https://www.seleniumhq.org/exceptions/stale_element_reference.html
Build info: version: '3.141.59', revision: 'e82be7d358', time: '2018-11-14T08:17:03'
System info: host: 'DESKTOP-KF54E9L', ip: '192.168.42.118', os.name: 'Windows 10', os.arch: 'amd64', os.version: '10.0', java.version: '1.8.0_321'
Driver info: org.openqa.selenium.chrome.ChromeDriver
Capabilities {acceptInsecureCerts: false, browserName: chrome, browserVersion: 104.0.5112.81, chrome: {chromedriverVersion: 103.0.5060.134 (8ec6fce403b..., userDataDir: C:\Users\Olga\AppData\Local...}, goog:chromeOptions: {debuggerAddress: localhost:58018}, javascriptEnabled: true, networkConnectionEnabled: false, pageLoadStrategy: normal, platform: WINDOWS, platformName: WINDOWS, proxy: Proxy(), setWindowRect: true, strictFileInteractability: false, timeouts: {implicit: 0, pageLoad: 300000, script: 30000}, unhandledPromptBehavior: dismiss and notify, webauthn:extension:credBlob: true, webauthn:extension:largeBlob: true, webauthn:virtualAuthenticators: true}
Session ID: a264d9100993c3d3ecbbd85fd1a7d127
09:58:29 INFO  manager.MyListener - start search for element with locator->>By.cssSelector: ul[class='ng-star-inserted'] li cv-seeker-cv-row
09:58:29 INFO  manager.MyListener - element with locator->> By.cssSelector: ul[class='ng-star-inserted'] li cv-seeker-cv-row was found
09:58:33 INFO  manager.HelperBase - Cv with name ->>Pasha to be deleted
09:58:33 INFO  manager.MyListener - start search for element with locator->>By.xpath: //button[. = 'delete']
09:58:33 INFO  manager.MyListener - element with locator->> By.xpath: //button[. = 'delete'] was found
09:58:34 INFO  manager.MyListener - start search for element with locator->>By.xpath: //button[. = 'Delete ']
09:58:34 INFO  manager.MyListener - element with locator->> By.xpath: //button[. = 'Delete '] was found
09:58:34 INFO  manager.MyListener - start search for element with locator->>By.xpath: //cv-toast-message[@class='ng-star-inserted']
09:58:34 INFO  manager.MyListener - element with locator->> By.xpath: //cv-toast-message[@class='ng-star-inserted'] was found
09:58:34 INFO  manager.HelperBase - After delete action Message received:->>Success
CV was deleted
09:58:39 INFO  manager.MyListener - Something went wrong->>https://cv-bank-new.web.app/seeker/dashboard
09:58:39 INFO  manager.MyListener - stale element reference: element is not attached to the page document
  (Session info: chrome=104.0.5112.81)
For documentation on this error, please visit: https://www.seleniumhq.org/exceptions/stale_element_reference.html
Build info: version: '3.141.59', revision: 'e82be7d358', time: '2018-11-14T08:17:03'
System info: host: 'DESKTOP-KF54E9L', ip: '192.168.42.118', os.name: 'Windows 10', os.arch: 'amd64', os.version: '10.0', java.version: '1.8.0_321'
Driver info: org.openqa.selenium.chrome.ChromeDriver
Capabilities {acceptInsecureCerts: false, browserName: chrome, browserVersion: 104.0.5112.81, chrome: {chromedriverVersion: 103.0.5060.134 (8ec6fce403b..., userDataDir: C:\Users\Olga\AppData\Local...}, goog:chromeOptions: {debuggerAddress: localhost:58018}, javascriptEnabled: true, networkConnectionEnabled: false, pageLoadStrategy: normal, platform: WINDOWS, platformName: WINDOWS, proxy: Proxy(), setWindowRect: true, strictFileInteractability: false, timeouts: {implicit: 0, pageLoad: 300000, script: 30000}, unhandledPromptBehavior: dismiss and notify, webauthn:extension:credBlob: true, webauthn:extension:largeBlob: true, webauthn:virtualAuthenticators: true}
Session ID: a264d9100993c3d3ecbbd85fd1a7d127
09:58:39 INFO  manager.MyListener - org.openqa.selenium.StaleElementReferenceException: stale element reference: element is not attached to the page document
  (Session info: chrome=104.0.5112.81)
For documentation on this error, please visit: https://www.seleniumhq.org/exceptions/stale_element_reference.html
Build info: version: '3.141.59', revision: 'e82be7d358', time: '2018-11-14T08:17:03'
System info: host: 'DESKTOP-KF54E9L', ip: '192.168.42.118', os.name: 'Windows 10', os.arch: 'amd64', os.version: '10.0', java.version: '1.8.0_321'
Driver info: org.openqa.selenium.chrome.ChromeDriver
Capabilities {acceptInsecureCerts: false, browserName: chrome, browserVersion: 104.0.5112.81, chrome: {chromedriverVersion: 103.0.5060.134 (8ec6fce403b..., userDataDir: C:\Users\Olga\AppData\Local...}, goog:chromeOptions: {debuggerAddress: localhost:58018}, javascriptEnabled: true, networkConnectionEnabled: false, pageLoadStrategy: normal, platform: WINDOWS, platformName: WINDOWS, proxy: Proxy(), setWindowRect: true, strictFileInteractability: false, timeouts: {implicit: 0, pageLoad: 300000, script: 30000}, unhandledPromptBehavior: dismiss and notify, webauthn:extension:credBlob: true, webauthn:extension:largeBlob: true, webauthn:virtualAuthenticators: true}
Session ID: a264d9100993c3d3ecbbd85fd1a7d127
09:58:39 INFO  manager.MyListener - start search for element with locator->>By.cssSelector: ul[class='ng-star-inserted'] li cv-seeker-cv-row
09:58:39 INFO  manager.MyListener - element with locator->> By.cssSelector: ul[class='ng-star-inserted'] li cv-seeker-cv-row was found
09:58:43 INFO  manager.HelperBase - Cv with name ->>Pasha to be deleted
09:58:43 INFO  manager.MyListener - start search for element with locator->>By.xpath: //button[. = 'delete']
09:58:43 INFO  manager.MyListener - element with locator->> By.xpath: //button[. = 'delete'] was found
09:58:43 INFO  manager.MyListener - start search for element with locator->>By.xpath: //button[. = 'Delete ']
09:58:43 INFO  manager.MyListener - element with locator->> By.xpath: //button[. = 'Delete '] was found
09:58:44 INFO  manager.MyListener - start search for element with locator->>By.xpath: //cv-toast-message[@class='ng-star-inserted']
09:58:44 INFO  manager.MyListener - element with locator->> By.xpath: //cv-toast-message[@class='ng-star-inserted'] was found
09:58:44 INFO  manager.HelperBase - After delete action Message received:->>Success
CV was deleted
09:58:48 INFO  manager.MyListener - Something went wrong->>https://cv-bank-new.web.app/seeker/dashboard
09:58:48 INFO  manager.MyListener - stale element reference: element is not attached to the page document
  (Session info: chrome=104.0.5112.81)
For documentation on this error, please visit: https://www.seleniumhq.org/exceptions/stale_element_reference.html
Build info: version: '3.141.59', revision: 'e82be7d358', time: '2018-11-14T08:17:03'
System info: host: 'DESKTOP-KF54E9L', ip: '192.168.42.118', os.name: 'Windows 10', os.arch: 'amd64', os.version: '10.0', java.version: '1.8.0_321'
Driver info: org.openqa.selenium.chrome.ChromeDriver
Capabilities {acceptInsecureCerts: false, browserName: chrome, browserVersion: 104.0.5112.81, chrome: {chromedriverVersion: 103.0.5060.134 (8ec6fce403b..., userDataDir: C:\Users\Olga\AppData\Local...}, goog:chromeOptions: {debuggerAddress: localhost:58018}, javascriptEnabled: true, networkConnectionEnabled: false, pageLoadStrategy: normal, platform: WINDOWS, platformName: WINDOWS, proxy: Proxy(), setWindowRect: true, strictFileInteractability: false, timeouts: {implicit: 0, pageLoad: 300000, script: 30000}, unhandledPromptBehavior: dismiss and notify, webauthn:extension:credBlob: true, webauthn:extension:largeBlob: true, webauthn:virtualAuthenticators: true}
Session ID: a264d9100993c3d3ecbbd85fd1a7d127
09:58:48 INFO  manager.MyListener - org.openqa.selenium.StaleElementReferenceException: stale element reference: element is not attached to the page document
  (Session info: chrome=104.0.5112.81)
For documentation on this error, please visit: https://www.seleniumhq.org/exceptions/stale_element_reference.html
Build info: version: '3.141.59', revision: 'e82be7d358', time: '2018-11-14T08:17:03'
System info: host: 'DESKTOP-KF54E9L', ip: '192.168.42.118', os.name: 'Windows 10', os.arch: 'amd64', os.version: '10.0', java.version: '1.8.0_321'
Driver info: org.openqa.selenium.chrome.ChromeDriver
Capabilities {acceptInsecureCerts: false, browserName: chrome, browserVersion: 104.0.5112.81, chrome: {chromedriverVersion: 103.0.5060.134 (8ec6fce403b..., userDataDir: C:\Users\Olga\AppData\Local...}, goog:chromeOptions: {debuggerAddress: localhost:58018}, javascriptEnabled: true, networkConnectionEnabled: false, pageLoadStrategy: normal, platform: WINDOWS, platformName: WINDOWS, proxy: Proxy(), setWindowRect: true, strictFileInteractability: false, timeouts: {implicit: 0, pageLoad: 300000, script: 30000}, unhandledPromptBehavior: dismiss and notify, webauthn:extension:credBlob: true, webauthn:extension:largeBlob: true, webauthn:virtualAuthenticators: true}
Session ID: a264d9100993c3d3ecbbd85fd1a7d127
09:58:49 INFO  manager.MyListener - start search for element with locator->>By.cssSelector: ul[class='ng-star-inserted'] li cv-seeker-cv-row
09:58:49 INFO  manager.MyListener - element with locator->> By.cssSelector: ul[class='ng-star-inserted'] li cv-seeker-cv-row was found
09:58:52 INFO  manager.HelperBase - Total amount of CVs left = 21
09:58:52 INFO  manager.MyListener - start search for element with locator->>By.xpath: //h2[.='Pasha']
09:59:02 INFO  manager.MyListener - element with locator->> By.xpath: //h2[.='Pasha'] was found
09:59:02 INFO  manager.HelperBase - All CVs with name: Pasha were deleted
09:59:02 INFO  tests.TestBase - end to test method ->>deleteAllByName
09:59:02 INFO  tests.TestBase - start to test method ->>deleteByName
09:59:02 INFO  manager.MyListener - start search for element with locator->>By.xpath: //h2[.='Pavel']
09:59:02 INFO  manager.MyListener - element with locator->> By.xpath: //h2[.='Pavel'] was found
09:59:02 INFO  manager.HelperBase - Total amount CVs with name: Pavel = ->>6
09:59:03 INFO  manager.MyListener - start search for element with locator->>By.xpath: //button[. = 'delete']
09:59:03 INFO  manager.MyListener - element with locator->> By.xpath: //button[. = 'delete'] was found
09:59:03 INFO  manager.MyListener - start search for element with locator->>By.xpath: //button[. = 'Delete ']
09:59:03 INFO  manager.MyListener - element with locator->> By.xpath: //button[. = 'Delete '] was found
09:59:03 INFO  manager.MyListener - start search for element with locator->>By.xpath: //cv-toast-message[@class='ng-star-inserted']
09:59:04 INFO  manager.MyListener - element with locator->> By.xpath: //cv-toast-message[@class='ng-star-inserted'] was found
09:59:04 INFO  manager.HelperBase - After delete action Message received:->>Success
CV was deleted
09:59:08 INFO  manager.MyListener - Something went wrong->>https://cv-bank-new.web.app/seeker/dashboard
09:59:08 INFO  manager.MyListener - stale element reference: element is not attached to the page document
  (Session info: chrome=104.0.5112.81)
For documentation on this error, please visit: https://www.seleniumhq.org/exceptions/stale_element_reference.html
Build info: version: '3.141.59', revision: 'e82be7d358', time: '2018-11-14T08:17:03'
System info: host: 'DESKTOP-KF54E9L', ip: '192.168.42.118', os.name: 'Windows 10', os.arch: 'amd64', os.version: '10.0', java.version: '1.8.0_321'
Driver info: org.openqa.selenium.chrome.ChromeDriver
Capabilities {acceptInsecureCerts: false, browserName: chrome, browserVersion: 104.0.5112.81, chrome: {chromedriverVersion: 103.0.5060.134 (8ec6fce403b..., userDataDir: C:\Users\Olga\AppData\Local...}, goog:chromeOptions: {debuggerAddress: localhost:58018}, javascriptEnabled: true, networkConnectionEnabled: false, pageLoadStrategy: normal, platform: WINDOWS, platformName: WINDOWS, proxy: Proxy(), setWindowRect: true, strictFileInteractability: false, timeouts: {implicit: 0, pageLoad: 300000, script: 30000}, unhandledPromptBehavior: dismiss and notify, webauthn:extension:credBlob: true, webauthn:extension:largeBlob: true, webauthn:virtualAuthenticators: true}
Session ID: a264d9100993c3d3ecbbd85fd1a7d127
09:59:08 INFO  manager.MyListener - org.openqa.selenium.StaleElementReferenceException: stale element reference: element is not attached to the page document
  (Session info: chrome=104.0.5112.81)
For documentation on this error, please visit: https://www.seleniumhq.org/exceptions/stale_element_reference.html
Build info: version: '3.141.59', revision: 'e82be7d358', time: '2018-11-14T08:17:03'
System info: host: 'DESKTOP-KF54E9L', ip: '192.168.42.118', os.name: 'Windows 10', os.arch: 'amd64', os.version: '10.0', java.version: '1.8.0_321'
Driver info: org.openqa.selenium.chrome.ChromeDriver
Capabilities {acceptInsecureCerts: false, browserName: chrome, browserVersion: 104.0.5112.81, chrome: {chromedriverVersion: 103.0.5060.134 (8ec6fce403b..., userDataDir: C:\Users\Olga\AppData\Local...}, goog:chromeOptions: {debuggerAddress: localhost:58018}, javascriptEnabled: true, networkConnectionEnabled: false, pageLoadStrategy: normal, platform: WINDOWS, platformName: WINDOWS, proxy: Proxy(), setWindowRect: true, strictFileInteractability: false, timeouts: {implicit: 0, pageLoad: 300000, script: 30000}, unhandledPromptBehavior: dismiss and notify, webauthn:extension:credBlob: true, webauthn:extension:largeBlob: true, webauthn:virtualAuthenticators: true}
Session ID: a264d9100993c3d3ecbbd85fd1a7d127
09:59:08 INFO  manager.MyListener - start search for element with locator->>By.xpath: //h2[.='Pavel']
09:59:08 INFO  manager.MyListener - element with locator->> By.xpath: //h2[.='Pavel'] was found
09:59:08 INFO  manager.HelperBase - Total amount left of CVs with name: Pavel = ->>5
09:59:08 INFO  tests.TestBase - end to test method ->>deleteByName
]]></system-out>
  <system-err><![CDATA[]]></system-err>
</testsuite>
