<?xml version="1.0" encoding="UTF-8"?>
<testsuite name="tests.CreateCv" tests="1" skipped="0" failures="1" errors="0" timestamp="2022-08-06T19:25:13" hostname="ARTEMKA" time="4.708">
  <properties/>
  <testcase name="createResume" classname="tests.CreateCv" time="4.708">
    <failure message="java.lang.StackOverflowError" type="java.lang.StackOverflowError">java.lang.StackOverflowError
	at java.util.TreeMap.compare(TreeMap.java:1294)
	at java.util.TreeMap.put(TreeMap.java:538)
	at org.openqa.selenium.AbstractCapabilities.setCapability(AbstractCapabilities.java:98)
	at org.openqa.selenium.MutableCapabilities.setCapability(MutableCapabilities.java:100)
	at org.openqa.selenium.MutableCapabilities.setCapability(MutableCapabilities.java:83)
	at org.openqa.selenium.chrome.ChromeOptions.&lt;init&gt;(ChromeOptions.java:86)
	at manager.CreateCvHelper.downloadCv(CreateCvHelper.java:168)
	at manager.CreateCvHelper.downloadCv(CreateCvHelper.java:170)
	at manager.CreateCvHelper.downloadCv(CreateCvHelper.java:170)
	at manager.CreateCvHelper.downloadCv(CreateCvHelper.java:170)
	at manager.CreateCvHelper.downloadCv(CreateCvHelper.java:170)
	at manager.CreateCvHelper.downloadCv(CreateCvHelper.java:170)
	at manager.CreateCvHelper.downloadCv(CreateCvHelper.java:170)
	at manager.CreateCvHelper.downloadCv(CreateCvHelper.java:170)
	at manager.CreateCvHelper.downloadCv(CreateCvHelper.java:170)
	at manager.CreateCvHelper.downloadCv(CreateCvHelper.java:170)
	at manager.CreateCvHelper.downloadCv(CreateCvHelper.java:170)
	at manager.CreateCvHelper.downloadCv(CreateCvHelper.java:170)
	at manager.CreateCvHelper.downloadCv(CreateCvHelper.java:170)
	at manager.CreateCvHelper.downloadCv(CreateCvHelper.java:170)
	at manager.CreateCvHelper.downloadCv(CreateCvHelper.java:170)
	at manager.CreateCvHelper.downloadCv(CreateCvHelper.java:170)
	at manager.CreateCvHelper.downloadCv(CreateCvHelper.java:170)
	at manager.CreateCvHelper.downloadCv(CreateCvHelper.java:170)
	at manager.CreateCvHelper.downloadCv(CreateCvHelper.java:170)
	at manager.CreateCvHelper.downloadCv(CreateCvHelper.java:170)
	at manager.CreateCvHelper.downloadCv(CreateCvHelper.java:170)
	at manager.CreateCvHelper.downloadCv(CreateCvHelper.java:170)
	at manager.CreateCvHelper.downloadCv(CreateCvHelper.java:170)
	at manager.CreateCvHelper.downloadCv(CreateCvHelper.java:170)
	at manager.CreateCvHelper.downloadCv(CreateCvHelper.java:170)
	at manager.CreateCvHelper.downloadCv(CreateCvHelper.java:170)
	at manager.CreateCvHelper.downloadCv(CreateCvHelper.java:170)
	at manager.CreateCvHelper.downloadCv(CreateCvHelper.java:170)
	at manager.CreateCvHelper.downloadCv(CreateCvHelper.java:170)
	at manager.CreateCvHelper.downloadCv(CreateCvHelper.java:170)
	at manager.CreateCvHelper.downloadCv(CreateCvHelper.java:170)
	at manager.CreateCvHelper.downloadCv(CreateCvHelper.java:170)
	at manager.CreateCvHelper.downloadCv(CreateCvHelper.java:170)
	at manager.CreateCvHelper.downloadCv(CreateCvHelper.java:170)
	at manager.CreateCvHelper.downloadCv(CreateCvHelper.java:170)
	at manager.CreateCvHelper.downloadCv(CreateCvHelper.java:170)
	at manager.CreateCvHelper.downloadCv(CreateCvHelper.java:170)
	at manager.CreateCvHelper.downloadCv(CreateCvHelper.java:170)
	at manager.CreateCvHelper.downloadCv(CreateCvHelper.java:170)
	at manager.CreateCvHelper.downloadCv(CreateCvHelper.java:170)
	at manager.CreateCvHelper.downloadCv(CreateCvHelper.java:170)
	at manager.CreateCvHelper.downloadCv(CreateCvHelper.java:170)
	at manager.CreateCvHelper.downloadCv(CreateCvHelper.java:170)
	at manager.CreateCvHelper.downloadCv(CreateCvHelper.java:170)
	at manager.CreateCvHelper.downloadCv(CreateCvHelper.java:170)
	at manager.CreateCvHelper.downloadCv(CreateCvHelper.java:170)
	at manager.CreateCvHelper.downloadCv(CreateCvHelper.java:170)
	at manager.CreateCvHelper.downloadCv(CreateCvHelper.java:170)
	at manager.CreateCvHelper.downloadCv(CreateCvHelper.java:170)
	at manager.CreateCvHelper.downloadCv(CreateCvHelper.java:170)
	at manager.CreateCvHelper.downloadCv(CreateCvHelper.java:170)
	at manager.CreateCvHelper.downloadCv(CreateCvHelper.java:170)
	at manager.CreateCvHelper.downloadCv(CreateCvHelper.java:170)
	at manager.CreateCvHelper.downloadCv(CreateCvHelper.java:170)
	at manager.CreateCvHelper.downloadCv(CreateCvHelper.java:170)
	at manager.CreateCvHelper.downloadCv(CreateCvHelper.java:170)
	at manager.CreateCvHelper.downloadCv(CreateCvHelper.java:170)
	at manager.CreateCvHelper.downloadCv(CreateCvHelper.java:170)
	at manager.CreateCvHelper.downloadCv(CreateCvHelper.java:170)
	at manager.CreateCvHelper.downloadCv(CreateCvHelper.java:170)
	at manager.CreateCvHelper.downloadCv(CreateCvHelper.java:170)
	at manager.CreateCvHelper.downloadCv(CreateCvHelper.java:170)
	at manager.CreateCvHelper.downloadCv(CreateCvHelper.java:170)
	at manager.CreateCvHelper.downloadCv(CreateCvHelper.java:170)
	at manager.CreateCvHelper.downloadCv(CreateCvHelper.java:170)
	at manager.CreateCvHelper.downloadCv(CreateCvHelper.java:170)
	at manager.CreateCvHelper.downloadCv(CreateCvHelper.java:170)
	at manager.CreateCvHelper.downloadCv(CreateCvHelper.java:170)
	at manager.CreateCvHelper.downloadCv(CreateCvHelper.java:170)
	at manager.CreateCvHelper.downloadCv(CreateCvHelper.java:170)
	at manager.CreateCvHelper.downloadCv(CreateCvHelper.java:170)
	at manager.CreateCvHelper.downloadCv(CreateCvHelper.java:170)
	at manager.CreateCvHelper.downloadCv(CreateCvHelper.java:170)
	at manager.CreateCvHelper.downloadCv(CreateCvHelper.java:170)
	at manager.CreateCvHelper.downloadCv(CreateCvHelper.java:170)
	at manager.CreateCvHelper.downloadCv(CreateCvHelper.java:170)
	at manager.CreateCvHelper.downloadCv(CreateCvHelper.java:170)
	at manager.CreateCvHelper.downloadCv(CreateCvHelper.java:170)
	at manager.CreateCvHelper.downloadCv(CreateCvHelper.java:170)
	at manager.CreateCvHelper.downloadCv(CreateCvHelper.java:170)
	at manager.CreateCvHelper.downloadCv(CreateCvHelper.java:170)
	at manager.CreateCvHelper.downloadCv(CreateCvHelper.java:170)
	at manager.CreateCvHelper.downloadCv(CreateCvHelper.java:170)
	at manager.CreateCvHelper.downloadCv(CreateCvHelper.java:170)
	at manager.CreateCvHelper.downloadCv(CreateCvHelper.java:170)
	at manager.CreateCvHelper.downloadCv(CreateCvHelper.java:170)
	at manager.CreateCvHelper.downloadCv(CreateCvHelper.java:170)
	at manager.CreateCvHelper.downloadCv(CreateCvHelper.java:170)
	at manager.CreateCvHelper.downloadCv(CreateCvHelper.java:170)
	at manager.CreateCvHelper.downloadCv(CreateCvHelper.java:170)
	at manager.CreateCvHelper.downloadCv(CreateCvHelper.java:170)
	at manager.CreateCvHelper.downloadCv(CreateCvHelper.java:170)
	at manager.CreateCvHelper.downloadCv(CreateCvHelper.java:170)
	at manager.CreateCvHelper.downloadCv(CreateCvHelper.java:170)
	at manager.CreateCvHelper.downloadCv(CreateCvHelper.java:170)
	at manager.CreateCvHelper.downloadCv(CreateCvHelper.java:170)
	at manager.CreateCvHelper.downloadCv(CreateCvHelper.java:170)
	at manager.CreateCvHelper.downloadCv(CreateCvHelper.java:170)
	at manager.CreateCvHelper.downloadCv(CreateCvHelper.java:170)
	at manager.CreateCvHelper.downloadCv(CreateCvHelper.java:170)
	at manager.CreateCvHelper.downloadCv(CreateCvHelper.java:170)
	at manager.CreateCvHelper.downloadCv(CreateCvHelper.java:170)
	at manager.CreateCvHelper.downloadCv(CreateCvHelper.java:170)
	at manager.CreateCvHelper.downloadCv(CreateCvHelper.java:170)
	at manager.CreateCvHelper.downloadCv(CreateCvHelper.java:170)
	at manager.CreateCvHelper.downloadCv(CreateCvHelper.java:170)
	at manager.CreateCvHelper.downloadCv(CreateCvHelper.java:170)
	at manager.CreateCvHelper.downloadCv(CreateCvHelper.java:170)
	at manager.CreateCvHelper.downloadCv(CreateCvHelper.java:170)
	at manager.CreateCvHelper.downloadCv(CreateCvHelper.java:170)
	at manager.CreateCvHelper.downloadCv(CreateCvHelper.java:170)
	at manager.CreateCvHelper.downloadCv(CreateCvHelper.java:170)
	at manager.CreateCvHelper.downloadCv(CreateCvHelper.java:170)
	at manager.CreateCvHelper.downloadCv(CreateCvHelper.java:170)
	at manager.CreateCvHelper.downloadCv(CreateCvHelper.java:170)
	at manager.CreateCvHelper.downloadCv(CreateCvHelper.java:170)
	at manager.CreateCvHelper.downloadCv(CreateCvHelper.java:170)
	at manager.CreateCvHelper.downloadCv(CreateCvHelper.java:170)
	at manager.CreateCvHelper.downloadCv(CreateCvHelper.java:170)
	at manager.CreateCvHelper.downloadCv(CreateCvHelper.java:170)
	at manager.CreateCvHelper.downloadCv(CreateCvHelper.java:170)
	at manager.CreateCvHelper.downloadCv(CreateCvHelper.java:170)
	at manager.CreateCvHelper.downloadCv(CreateCvHelper.java:170)
	at manager.CreateCvHelper.downloadCv(CreateCvHelper.java:170)
	at manager.CreateCvHelper.downloadCv(CreateCvHelper.java:170)
	at manager.CreateCvHelper.downloadCv(CreateCvHelper.java:170)
	at manager.CreateCvHelper.downloadCv(CreateCvHelper.java:170)
	at manager.CreateCvHelper.downloadCv(CreateCvHelper.java:170)
	at manager.CreateCvHelper.downloadCv(CreateCvHelper.java:170)
	at manager.CreateCvHelper.downloadCv(CreateCvHelper.java:170)
	at manager.CreateCvHelper.downloadCv(CreateCvHelper.java:170)
	at manager.CreateCvHelper.downloadCv(CreateCvHelper.java:170)
	at manager.CreateCvHelper.downloadCv(CreateCvHelper.java:170)
	at manager.CreateCvHelper.downloadCv(CreateCvHelper.java:170)
	at manager.CreateCvHelper.downloadCv(CreateCvHelper.java:170)
	at manager.CreateCvHelper.downloadCv(CreateCvHelper.java:170)
	at manager.CreateCvHelper.downloadCv(CreateCvHelper.java:170)
	at manager.CreateCvHelper.downloadCv(CreateCvHelper.java:170)
	at manager.CreateCvHelper.downloadCv(CreateCvHelper.java:170)
	at manager.CreateCvHelper.downloadCv(CreateCvHelper.java:170)
	at manager.CreateCvHelper.downloadCv(CreateCvHelper.java:170)
	at manager.CreateCvHelper.downloadCv(CreateCvHelper.java:170)
	at manager.CreateCvHelper.downloadCv(CreateCvHelper.java:170)
	at manager.CreateCvHelper.downloadCv(CreateCvHelper.java:170)
	at manager.CreateCvHelper.downloadCv(CreateCvHelper.java:170)
	at manager.CreateCvHelper.downloadCv(CreateCvHelper.java:170)
	at manager.CreateCvHelper.downloadCv(CreateCvHelper.java:170)
	at manager.CreateCvHelper.downloadCv(CreateCvHelper.java:170)
	at manager.CreateCvHelper.downloadCv(CreateCvHelper.java:170)
	at manager.CreateCvHelper.downloadCv(CreateCvHelper.java:170)
	at manager.CreateCvHelper.downloadCv(CreateCvHelper.java:170)
	at manager.CreateCvHelper.downloadCv(CreateCvHelper.java:170)
	at manager.CreateCvHelper.downloadCv(CreateCvHelper.java:170)
	at manager.CreateCvHelper.downloadCv(CreateCvHelper.java:170)
	at manager.CreateCvHelper.downloadCv(CreateCvHelper.java:170)
	at manager.CreateCvHelper.downloadCv(CreateCvHelper.java:170)
	at manager.CreateCvHelper.downloadCv(CreateCvHelper.java:170)
	at manager.CreateCvHelper.downloadCv(CreateCvHelper.java:170)
	at manager.CreateCvHelper.downloadCv(CreateCvHelper.java:170)
	at manager.CreateCvHelper.downloadCv(CreateCvHelper.java:170)
	at manager.CreateCvHelper.downloadCv(CreateCvHelper.java:170)
	at manager.CreateCvHelper.downloadCv(CreateCvHelper.java:170)
	at manager.CreateCvHelper.downloadCv(CreateCvHelper.java:170)
	at manager.CreateCvHelper.downloadCv(CreateCvHelper.java:170)
	at manager.CreateCvHelper.downloadCv(CreateCvHelper.java:170)
	at manager.CreateCvHelper.downloadCv(CreateCvHelper.java:170)
	at manager.CreateCvHelper.downloadCv(CreateCvHelper.java:170)
	at manager.CreateCvHelper.downloadCv(CreateCvHelper.java:170)
	at manager.CreateCvHelper.downloadCv(CreateCvHelper.java:170)
	at manager.CreateCvHelper.downloadCv(CreateCvHelper.java:170)
	at manager.CreateCvHelper.downloadCv(CreateCvHelper.java:170)
	at manager.CreateCvHelper.downloadCv(CreateCvHelper.java:170)
	at manager.CreateCvHelper.downloadCv(CreateCvHelper.java:170)
	at manager.CreateCvHelper.downloadCv(CreateCvHelper.java:170)
	at manager.CreateCvHelper.downloadCv(CreateCvHelper.java:170)
	at manager.CreateCvHelper.downloadCv(CreateCvHelper.java:170)
	at manager.CreateCvHelper.downloadCv(CreateCvHelper.java:170)
	at manager.CreateCvHelper.downloadCv(CreateCvHelper.java:170)
	at manager.CreateCvHelper.downloadCv(CreateCvHelper.java:170)
	at manager.CreateCvHelper.downloadCv(CreateCvHelper.java:170)
	at manager.CreateCvHelper.downloadCv(CreateCvHelper.java:170)
	at manager.CreateCvHelper.downloadCv(CreateCvHelper.java:170)
	at manager.CreateCvHelper.downloadCv(CreateCvHelper.java:170)
	at manager.CreateCvHelper.downloadCv(CreateCvHelper.java:170)
	at manager.CreateCvHelper.downloadCv(CreateCvHelper.java:170)
	at manager.CreateCvHelper.downloadCv(CreateCvHelper.java:170)
	at manager.CreateCvHelper.downloadCv(CreateCvHelper.java:170)
	at manager.CreateCvHelper.downloadCv(CreateCvHelper.java:170)
	at manager.CreateCvHelper.downloadCv(CreateCvHelper.java:170)
	at manager.CreateCvHelper.downloadCv(CreateCvHelper.java:170)
	at manager.CreateCvHelper.downloadCv(CreateCvHelper.java:170)
	at manager.CreateCvHelper.downloadCv(CreateCvHelper.java:170)
	at manager.CreateCvHelper.downloadCv(CreateCvHelper.java:170)
	at manager.CreateCvHelper.downloadCv(CreateCvHelper.java:170)
	at manager.CreateCvHelper.downloadCv(CreateCvHelper.java:170)
	at manager.CreateCvHelper.downloadCv(CreateCvHelper.java:170)
	at manager.CreateCvHelper.downloadCv(CreateCvHelper.java:170)
	at manager.CreateCvHelper.downloadCv(CreateCvHelper.java:170)
	at manager.CreateCvHelper.downloadCv(CreateCvHelper.java:170)
	at manager.CreateCvHelper.downloadCv(CreateCvHelper.java:170)
	at manager.CreateCvHelper.downloadCv(CreateCvHelper.java:170)
	at manager.CreateCvHelper.downloadCv(CreateCvHelper.java:170)
	at manager.CreateCvHelper.downloadCv(CreateCvHelper.java:170)
	at manager.CreateCvHelper.downloadCv(CreateCvHelper.java:170)
	at manager.CreateCvHelper.downloadCv(CreateCvHelper.java:170)
	at manager.CreateCvHelper.downloadCv(CreateCvHelper.java:170)
	at manager.CreateCvHelper.downloadCv(CreateCvHelper.java:170)
	at manager.CreateCvHelper.downloadCv(CreateCvHelper.java:170)
	at manager.CreateCvHelper.downloadCv(CreateCvHelper.java:170)
	at manager.CreateCvHelper.downloadCv(CreateCvHelper.java:170)
	at manager.CreateCvHelper.downloadCv(CreateCvHelper.java:170)
	at manager.CreateCvHelper.downloadCv(CreateCvHelper.java:170)
	at manager.CreateCvHelper.downloadCv(CreateCvHelper.java:170)
	at manager.CreateCvHelper.downloadCv(CreateCvHelper.java:170)
	at manager.CreateCvHelper.downloadCv(CreateCvHelper.java:170)
	at manager.CreateCvHelper.downloadCv(CreateCvHelper.java:170)
	at manager.CreateCvHelper.downloadCv(CreateCvHelper.java:170)
	at manager.CreateCvHelper.downloadCv(CreateCvHelper.java:170)
	at manager.CreateCvHelper.downloadCv(CreateCvHelper.java:170)
	at manager.CreateCvHelper.downloadCv(CreateCvHelper.java:170)
	at manager.CreateCvHelper.downloadCv(CreateCvHelper.java:170)
	at manager.CreateCvHelper.downloadCv(CreateCvHelper.java:170)
	at manager.CreateCvHelper.downloadCv(CreateCvHelper.java:170)
	at manager.CreateCvHelper.downloadCv(CreateCvHelper.java:170)
	at manager.CreateCvHelper.downloadCv(CreateCvHelper.java:170)
	at manager.CreateCvHelper.downloadCv(CreateCvHelper.java:170)
	at manager.CreateCvHelper.downloadCv(CreateCvHelper.java:170)
	at manager.CreateCvHelper.downloadCv(CreateCvHelper.java:170)
	at manager.CreateCvHelper.downloadCv(CreateCvHelper.java:170)
	at manager.CreateCvHelper.downloadCv(CreateCvHelper.java:170)
	at manager.CreateCvHelper.downloadCv(CreateCvHelper.java:170)
	at manager.CreateCvHelper.downloadCv(CreateCvHelper.java:170)
	at manager.CreateCvHelper.downloadCv(CreateCvHelper.java:170)
	at manager.CreateCvHelper.downloadCv(CreateCvHelper.java:170)
	at manager.CreateCvHelper.downloadCv(CreateCvHelper.java:170)
	at manager.CreateCvHelper.downloadCv(CreateCvHelper.java:170)
	at manager.CreateCvHelper.downloadCv(CreateCvHelper.java:170)
	at manager.CreateCvHelper.downloadCv(CreateCvHelper.java:170)
	at manager.CreateCvHelper.downloadCv(CreateCvHelper.java:170)
	at manager.CreateCvHelper.downloadCv(CreateCvHelper.java:170)
	at manager.CreateCvHelper.downloadCv(CreateCvHelper.java:170)
	at manager.CreateCvHelper.downloadCv(CreateCvHelper.java:170)
	at manager.CreateCvHelper.downloadCv(CreateCvHelper.java:170)
	at manager.CreateCvHelper.downloadCv(CreateCvHelper.java:170)
	at manager.CreateCvHelper.downloadCv(CreateCvHelper.java:170)
	at manager.CreateCvHelper.downloadCv(CreateCvHelper.java:170)
	at manager.CreateCvHelper.downloadCv(CreateCvHelper.java:170)
	at manager.CreateCvHelper.downloadCv(CreateCvHelper.java:170)
	at manager.CreateCvHelper.downloadCv(CreateCvHelper.java:170)
	at manager.CreateCvHelper.downloadCv(CreateCvHelper.java:170)
	at manager.CreateCvHelper.downloadCv(CreateCvHelper.java:170)
	at manager.CreateCvHelper.downloadCv(CreateCvHelper.java:170)
	at manager.CreateCvHelper.downloadCv(CreateCvHelper.java:170)
	at manager.CreateCvHelper.downloadCv(CreateCvHelper.java:170)
	at manager.CreateCvHelper.downloadCv(CreateCvHelper.java:170)
	at manager.CreateCvHelper.downloadCv(CreateCvHelper.java:170)
	at manager.CreateCvHelper.downloadCv(CreateCvHelper.java:170)
	at manager.CreateCvHelper.downloadCv(CreateCvHelper.java:170)
	at manager.CreateCvHelper.downloadCv(CreateCvHelper.java:170)
	at manager.CreateCvHelper.downloadCv(CreateCvHelper.java:170)
	at manager.CreateCvHelper.downloadCv(CreateCvHelper.java:170)
	at manager.CreateCvHelper.downloadCv(CreateCvHelper.java:170)
	at manager.CreateCvHelper.downloadCv(CreateCvHelper.java:170)
	at manager.CreateCvHelper.downloadCv(CreateCvHelper.java:170)
	at manager.CreateCvHelper.downloadCv(CreateCvHelper.java:170)
	at manager.CreateCvHelper.downloadCv(CreateCvHelper.java:170)
	at manager.CreateCvHelper.downloadCv(CreateCvHelper.java:170)
	at manager.CreateCvHelper.downloadCv(CreateCvHelper.java:170)
	at manager.CreateCvHelper.downloadCv(CreateCvHelper.java:170)
	at manager.CreateCvHelper.downloadCv(CreateCvHelper.java:170)
	at manager.CreateCvHelper.downloadCv(CreateCvHelper.java:170)
	at manager.CreateCvHelper.downloadCv(CreateCvHelper.java:170)
	at manager.CreateCvHelper.downloadCv(CreateCvHelper.java:170)
	at manager.CreateCvHelper.downloadCv(CreateCvHelper.java:170)
	at manager.CreateCvHelper.downloadCv(CreateCvHelper.java:170)
	at manager.CreateCvHelper.downloadCv(CreateCvHelper.java:170)
	at manager.CreateCvHelper.downloadCv(CreateCvHelper.java:170)
	at manager.CreateCvHelper.downloadCv(CreateCvHelper.java:170)
	at manager.CreateCvHelper.downloadCv(CreateCvHelper.java:170)
	at manager.CreateCvHelper.downloadCv(CreateCvHelper.java:170)
	at manager.CreateCvHelper.downloadCv(CreateCvHelper.java:170)
	at manager.CreateCvHelper.downloadCv(CreateCvHelper.java:170)
	at manager.CreateCvHelper.downloadCv(CreateCvHelper.java:170)
	at manager.CreateCvHelper.downloadCv(CreateCvHelper.java:170)
	at manager.CreateCvHelper.downloadCv(CreateCvHelper.java:170)
	at manager.CreateCvHelper.downloadCv(CreateCvHelper.java:170)
	at manager.CreateCvHelper.downloadCv(CreateCvHelper.java:170)
	at manager.CreateCvHelper.downloadCv(CreateCvHelper.java:170)
	at manager.CreateCvHelper.downloadCv(CreateCvHelper.java:170)
	at manager.CreateCvHelper.downloadCv(CreateCvHelper.java:170)
	at manager.CreateCvHelper.downloadCv(CreateCvHelper.java:170)
	at manager.CreateCvHelper.downloadCv(CreateCvHelper.java:170)
	at manager.CreateCvHelper.downloadCv(CreateCvHelper.java:170)
	at manager.CreateCvHelper.downloadCv(CreateCvHelper.java:170)
	at manager.CreateCvHelper.downloadCv(CreateCvHelper.java:170)
	at manager.CreateCvHelper.downloadCv(CreateCvHelper.java:170)
	at manager.CreateCvHelper.downloadCv(CreateCvHelper.java:170)
	at manager.CreateCvHelper.downloadCv(CreateCvHelper.java:170)
	at manager.CreateCvHelper.downloadCv(CreateCvHelper.java:170)
	at manager.CreateCvHelper.downloadCv(CreateCvHelper.java:170)
	at manager.CreateCvHelper.downloadCv(CreateCvHelper.java:170)
	at manager.CreateCvHelper.downloadCv(CreateCvHelper.java:170)
	at manager.CreateCvHelper.downloadCv(CreateCvHelper.java:170)
	at manager.CreateCvHelper.downloadCv(CreateCvHelper.java:170)
	at manager.CreateCvHelper.downloadCv(CreateCvHelper.java:170)
	at manager.CreateCvHelper.downloadCv(CreateCvHelper.java:170)
	at manager.CreateCvHelper.downloadCv(CreateCvHelper.java:170)
	at manager.CreateCvHelper.downloadCv(CreateCvHelper.java:170)
	at manager.CreateCvHelper.downloadCv(CreateCvHelper.java:170)
	at manager.CreateCvHelper.downloadCv(CreateCvHelper.java:170)
	at manager.CreateCvHelper.downloadCv(CreateCvHelper.java:170)
	at manager.CreateCvHelper.downloadCv(CreateCvHelper.java:170)
	at manager.CreateCvHelper.downloadCv(CreateCvHelper.java:170)
	at manager.CreateCvHelper.downloadCv(CreateCvHelper.java:170)
	at manager.CreateCvHelper.downloadCv(CreateCvHelper.java:170)
	at manager.CreateCvHelper.downloadCv(CreateCvHelper.java:170)
	at manager.CreateCvHelper.downloadCv(CreateCvHelper.java:170)
	at manager.CreateCvHelper.downloadCv(CreateCvHelper.java:170)
	at manager.CreateCvHelper.downloadCv(CreateCvHelper.java:170)
	at manager.CreateCvHelper.downloadCv(CreateCvHelper.java:170)
	at manager.CreateCvHelper.downloadCv(CreateCvHelper.java:170)
	at manager.CreateCvHelper.downloadCv(CreateCvHelper.java:170)
	at manager.CreateCvHelper.downloadCv(CreateCvHelper.java:170)
	at manager.CreateCvHelper.downloadCv(CreateCvHelper.java:170)
	at manager.CreateCvHelper.downloadCv(CreateCvHelper.java:170)
	at manager.CreateCvHelper.downloadCv(CreateCvHelper.java:170)
	at manager.CreateCvHelper.downloadCv(CreateCvHelper.java:170)
	at manager.CreateCvHelper.downloadCv(CreateCvHelper.java:170)
	at manager.CreateCvHelper.downloadCv(CreateCvHelper.java:170)
	at manager.CreateCvHelper.downloadCv(CreateCvHelper.java:170)
	at manager.CreateCvHelper.downloadCv(CreateCvHelper.java:170)
	at manager.CreateCvHelper.downloadCv(CreateCvHelper.java:170)
	at manager.CreateCvHelper.downloadCv(CreateCvHelper.java:170)
	at manager.CreateCvHelper.downloadCv(CreateCvHelper.java:170)
	at manager.CreateCvHelper.downloadCv(CreateCvHelper.java:170)
	at manager.CreateCvHelper.downloadCv(CreateCvHelper.java:170)
	at manager.CreateCvHelper.downloadCv(CreateCvHelper.java:170)
	at manager.CreateCvHelper.downloadCv(CreateCvHelper.java:170)
	at manager.CreateCvHelper.downloadCv(CreateCvHelper.java:170)
	at manager.CreateCvHelper.downloadCv(CreateCvHelper.java:170)
	at manager.CreateCvHelper.downloadCv(CreateCvHelper.java:170)
	at manager.CreateCvHelper.downloadCv(CreateCvHelper.java:170)
	at manager.CreateCvHelper.downloadCv(CreateCvHelper.java:170)
	at manager.CreateCvHelper.downloadCv(CreateCvHelper.java:170)
	at manager.CreateCvHelper.downloadCv(CreateCvHelper.java:170)
	at manager.CreateCvHelper.downloadCv(CreateCvHelper.java:170)
	at manager.CreateCvHelper.downloadCv(CreateCvHelper.java:170)
	at manager.CreateCvHelper.downloadCv(CreateCvHelper.java:170)
	at manager.CreateCvHelper.downloadCv(CreateCvHelper.java:170)
	at manager.CreateCvHelper.downloadCv(CreateCvHelper.java:170)
	at manager.CreateCvHelper.downloadCv(CreateCvHelper.java:170)
	at manager.CreateCvHelper.downloadCv(CreateCvHelper.java:170)
	at manager.CreateCvHelper.downloadCv(CreateCvHelper.java:170)
	at manager.CreateCvHelper.downloadCv(CreateCvHelper.java:170)
	at manager.CreateCvHelper.downloadCv(CreateCvHelper.java:170)
	at manager.CreateCvHelper.downloadCv(CreateCvHelper.java:170)
	at manager.CreateCvHelper.downloadCv(CreateCvHelper.java:170)
	at manager.CreateCvHelper.downloadCv(CreateCvHelper.java:170)
	at manager.CreateCvHelper.downloadCv(CreateCvHelper.java:170)
	at manager.CreateCvHelper.downloadCv(CreateCvHelper.java:170)
	at manager.CreateCvHelper.downloadCv(CreateCvHelper.java:170)
	at manager.CreateCvHelper.downloadCv(CreateCvHelper.java:170)
	at manager.CreateCvHelper.downloadCv(CreateCvHelper.java:170)
	at manager.CreateCvHelper.downloadCv(CreateCvHelper.java:170)
	at manager.CreateCvHelper.downloadCv(CreateCvHelper.java:170)
	at manager.CreateCvHelper.downloadCv(CreateCvHelper.java:170)
	at manager.CreateCvHelper.downloadCv(CreateCvHelper.java:170)
	at manager.CreateCvHelper.downloadCv(CreateCvHelper.java:170)
	at manager.CreateCvHelper.downloadCv(CreateCvHelper.java:170)
	at manager.CreateCvHelper.downloadCv(CreateCvHelper.java:170)
	at manager.CreateCvHelper.downloadCv(CreateCvHelper.java:170)
	at manager.CreateCvHelper.downloadCv(CreateCvHelper.java:170)
	at manager.CreateCvHelper.downloadCv(CreateCvHelper.java:170)
	at manager.CreateCvHelper.downloadCv(CreateCvHelper.java:170)
	at manager.CreateCvHelper.downloadCv(CreateCvHelper.java:170)
	at manager.CreateCvHelper.downloadCv(CreateCvHelper.java:170)
	at manager.CreateCvHelper.downloadCv(CreateCvHelper.java:170)
	at manager.CreateCvHelper.downloadCv(CreateCvHelper.java:170)
	at manager.CreateCvHelper.downloadCv(CreateCvHelper.java:170)
	at manager.CreateCvHelper.downloadCv(CreateCvHelper.java:170)
	at manager.CreateCvHelper.downloadCv(CreateCvHelper.java:170)
	at manager.CreateCvHelper.downloadCv(CreateCvHelper.java:170)
	at manager.CreateCvHelper.downloadCv(CreateCvHelper.java:170)
	at manager.CreateCvHelper.downloadCv(CreateCvHelper.java:170)
	at manager.CreateCvHelper.downloadCv(CreateCvHelper.java:170)
	at manager.CreateCvHelper.downloadCv(CreateCvHelper.java:170)
	at manager.CreateCvHelper.downloadCv(CreateCvHelper.java:170)
	at manager.CreateCvHelper.downloadCv(CreateCvHelper.java:170)
	at manager.CreateCvHelper.downloadCv(CreateCvHelper.java:170)
	at manager.CreateCvHelper.downloadCv(CreateCvHelper.java:170)
	at manager.CreateCvHelper.downloadCv(CreateCvHelper.java:170)
	at manager.CreateCvHelper.downloadCv(CreateCvHelper.java:170)
	at manager.CreateCvHelper.downloadCv(CreateCvHelper.java:170)
	at manager.CreateCvHelper.downloadCv(CreateCvHelper.java:170)
	at manager.CreateCvHelper.downloadCv(CreateCvHelper.java:170)
	at manager.CreateCvHelper.downloadCv(CreateCvHelper.java:170)
	at manager.CreateCvHelper.downloadCv(CreateCvHelper.java:170)
	at manager.CreateCvHelper.downloadCv(CreateCvHelper.java:170)
	at manager.CreateCvHelper.downloadCv(CreateCvHelper.java:170)
	at manager.CreateCvHelper.downloadCv(CreateCvHelper.java:170)
	at manager.CreateCvHelper.downloadCv(CreateCvHelper.java:170)
	at manager.CreateCvHelper.downloadCv(CreateCvHelper.java:170)
	at manager.CreateCvHelper.downloadCv(CreateCvHelper.java:170)
	at manager.CreateCvHelper.downloadCv(CreateCvHelper.java:170)
	at manager.CreateCvHelper.downloadCv(CreateCvHelper.java:170)
	at manager.CreateCvHelper.downloadCv(CreateCvHelper.java:170)
	at manager.CreateCvHelper.downloadCv(CreateCvHelper.java:170)
	at manager.CreateCvHelper.downloadCv(CreateCvHelper.java:170)
	at manager.CreateCvHelper.downloadCv(CreateCvHelper.java:170)
	at manager.CreateCvHelper.downloadCv(CreateCvHelper.java:170)
	at manager.CreateCvHelper.downloadCv(CreateCvHelper.java:170)
	at manager.CreateCvHelper.downloadCv(CreateCvHelper.java:170)
	at manager.CreateCvHelper.downloadCv(CreateCvHelper.java:170)
	at manager.CreateCvHelper.downloadCv(CreateCvHelper.java:170)
	at manager.CreateCvHelper.downloadCv(CreateCvHelper.java:170)
	at manager.CreateCvHelper.downloadCv(CreateCvHelper.java:170)
	at manager.CreateCvHelper.downloadCv(CreateCvHelper.java:170)
	at manager.CreateCvHelper.downloadCv(CreateCvHelper.java:170)
	at manager.CreateCvHelper.downloadCv(CreateCvHelper.java:170)
	at manager.CreateCvHelper.downloadCv(CreateCvHelper.java:170)
	at manager.CreateCvHelper.downloadCv(CreateCvHelper.java:170)
	at manager.CreateCvHelper.downloadCv(CreateCvHelper.java:170)
	at manager.CreateCvHelper.downloadCv(CreateCvHelper.java:170)
	at manager.CreateCvHelper.downloadCv(CreateCvHelper.java:170)
	at manager.CreateCvHelper.downloadCv(CreateCvHelper.java:170)
	at manager.CreateCvHelper.downloadCv(CreateCvHelper.java:170)
	at manager.CreateCvHelper.downloadCv(CreateCvHelper.java:170)
	at manager.CreateCvHelper.downloadCv(CreateCvHelper.java:170)
	at manager.CreateCvHelper.downloadCv(CreateCvHelper.java:170)
	at manager.CreateCvHelper.downloadCv(CreateCvHelper.java:170)
	at manager.CreateCvHelper.downloadCv(CreateCvHelper.java:170)
	at manager.CreateCvHelper.downloadCv(CreateCvHelper.java:170)
	at manager.CreateCvHelper.downloadCv(CreateCvHelper.java:170)
	at manager.CreateCvHelper.downloadCv(CreateCvHelper.java:170)
	at manager.CreateCvHelper.downloadCv(CreateCvHelper.java:170)
	at manager.CreateCvHelper.downloadCv(CreateCvHelper.java:170)
	at manager.CreateCvHelper.downloadCv(CreateCvHelper.java:170)
	at manager.CreateCvHelper.downloadCv(CreateCvHelper.java:170)
	at manager.CreateCvHelper.downloadCv(CreateCvHelper.java:170)
	at manager.CreateCvHelper.downloadCv(CreateCvHelper.java:170)
	at manager.CreateCvHelper.downloadCv(CreateCvHelper.java:170)
	at manager.CreateCvHelper.downloadCv(CreateCvHelper.java:170)
	at manager.CreateCvHelper.downloadCv(CreateCvHelper.java:170)
	at manager.CreateCvHelper.downloadCv(CreateCvHelper.java:170)
	at manager.CreateCvHelper.downloadCv(CreateCvHelper.java:170)
	at manager.CreateCvHelper.downloadCv(CreateCvHelper.java:170)
	at manager.CreateCvHelper.downloadCv(CreateCvHelper.java:170)
	at manager.CreateCvHelper.downloadCv(CreateCvHelper.java:170)
	at manager.CreateCvHelper.downloadCv(CreateCvHelper.java:170)
	at manager.CreateCvHelper.downloadCv(CreateCvHelper.java:170)
	at manager.CreateCvHelper.downloadCv(CreateCvHelper.java:170)
	at manager.CreateCvHelper.downloadCv(CreateCvHelper.java:170)
	at manager.CreateCvHelper.downloadCv(CreateCvHelper.java:170)
	at manager.CreateCvHelper.downloadCv(CreateCvHelper.java:170)
	at manager.CreateCvHelper.downloadCv(CreateCvHelper.java:170)
	at manager.CreateCvHelper.downloadCv(CreateCvHelper.java:170)
	at manager.CreateCvHelper.downloadCv(CreateCvHelper.java:170)
	at manager.CreateCvHelper.downloadCv(CreateCvHelper.java:170)
	at manager.CreateCvHelper.downloadCv(CreateCvHelper.java:170)
	at manager.CreateCvHelper.downloadCv(CreateCvHelper.java:170)
	at manager.CreateCvHelper.downloadCv(CreateCvHelper.java:170)
	at manager.CreateCvHelper.downloadCv(CreateCvHelper.java:170)
	at manager.CreateCvHelper.downloadCv(CreateCvHelper.java:170)
	at manager.CreateCvHelper.downloadCv(CreateCvHelper.java:170)
	at manager.CreateCvHelper.downloadCv(CreateCvHelper.java:170)
	at manager.CreateCvHelper.downloadCv(CreateCvHelper.java:170)
	at manager.CreateCvHelper.downloadCv(CreateCvHelper.java:170)
	at manager.CreateCvHelper.downloadCv(CreateCvHelper.java:170)
	at manager.CreateCvHelper.downloadCv(CreateCvHelper.java:170)
	at manager.CreateCvHelper.downloadCv(CreateCvHelper.java:170)
	at manager.CreateCvHelper.downloadCv(CreateCvHelper.java:170)
	at manager.CreateCvHelper.downloadCv(CreateCvHelper.java:170)
	at manager.CreateCvHelper.downloadCv(CreateCvHelper.java:170)
	at manager.CreateCvHelper.downloadCv(CreateCvHelper.java:170)
	at manager.CreateCvHelper.downloadCv(CreateCvHelper.java:170)
	at manager.CreateCvHelper.downloadCv(CreateCvHelper.java:170)
	at manager.CreateCvHelper.downloadCv(CreateCvHelper.java:170)
	at manager.CreateCvHelper.downloadCv(CreateCvHelper.java:170)
	at manager.CreateCvHelper.downloadCv(CreateCvHelper.java:170)
	at manager.CreateCvHelper.downloadCv(CreateCvHelper.java:170)
	at manager.CreateCvHelper.downloadCv(CreateCvHelper.java:170)
	at manager.CreateCvHelper.downloadCv(CreateCvHelper.java:170)
	at manager.CreateCvHelper.downloadCv(CreateCvHelper.java:170)
	at manager.CreateCvHelper.downloadCv(CreateCvHelper.java:170)
	at manager.CreateCvHelper.downloadCv(CreateCvHelper.java:170)
	at manager.CreateCvHelper.downloadCv(CreateCvHelper.java:170)
	at manager.CreateCvHelper.downloadCv(CreateCvHelper.java:170)
	at manager.CreateCvHelper.downloadCv(CreateCvHelper.java:170)
	at manager.CreateCvHelper.downloadCv(CreateCvHelper.java:170)
	at manager.CreateCvHelper.downloadCv(CreateCvHelper.java:170)
	at manager.CreateCvHelper.downloadCv(CreateCvHelper.java:170)
	at manager.CreateCvHelper.downloadCv(CreateCvHelper.java:170)
	at manager.CreateCvHelper.downloadCv(CreateCvHelper.java:170)
	at manager.CreateCvHelper.downloadCv(CreateCvHelper.java:170)
	at manager.CreateCvHelper.downloadCv(CreateCvHelper.java:170)
	at manager.CreateCvHelper.downloadCv(CreateCvHelper.java:170)
	at manager.CreateCvHelper.downloadCv(CreateCvHelper.java:170)
	at manager.CreateCvHelper.downloadCv(CreateCvHelper.java:170)
	at manager.CreateCvHelper.downloadCv(CreateCvHelper.java:170)
	at manager.CreateCvHelper.downloadCv(CreateCvHelper.java:170)
	at manager.CreateCvHelper.downloadCv(CreateCvHelper.java:170)
	at manager.CreateCvHelper.downloadCv(CreateCvHelper.java:170)
	at manager.CreateCvHelper.downloadCv(CreateCvHelper.java:170)
	at manager.CreateCvHelper.downloadCv(CreateCvHelper.java:170)
	at manager.CreateCvHelper.downloadCv(CreateCvHelper.java:170)
	at manager.CreateCvHelper.downloadCv(CreateCvHelper.java:170)
	at manager.CreateCvHelper.downloadCv(CreateCvHelper.java:170)
	at manager.CreateCvHelper.downloadCv(CreateCvHelper.java:170)
	at manager.CreateCvHelper.downloadCv(CreateCvHelper.java:170)
	at manager.CreateCvHelper.downloadCv(CreateCvHelper.java:170)
	at manager.CreateCvHelper.downloadCv(CreateCvHelper.java:170)
	at manager.CreateCvHelper.downloadCv(CreateCvHelper.java:170)
	at manager.CreateCvHelper.downloadCv(CreateCvHelper.java:170)
	at manager.CreateCvHelper.downloadCv(CreateCvHelper.java:170)
	at manager.CreateCvHelper.downloadCv(CreateCvHelper.java:170)
	at manager.CreateCvHelper.downloadCv(CreateCvHelper.java:170)
	at manager.CreateCvHelper.downloadCv(CreateCvHelper.java:170)
	at manager.CreateCvHelper.downloadCv(CreateCvHelper.java:170)
	at manager.CreateCvHelper.downloadCv(CreateCvHelper.java:170)
	at manager.CreateCvHelper.downloadCv(CreateCvHelper.java:170)
	at manager.CreateCvHelper.downloadCv(CreateCvHelper.java:170)
	at manager.CreateCvHelper.downloadCv(CreateCvHelper.java:170)
	at manager.CreateCvHelper.downloadCv(CreateCvHelper.java:170)
	at manager.CreateCvHelper.downloadCv(CreateCvHelper.java:170)
	at manager.CreateCvHelper.downloadCv(CreateCvHelper.java:170)
	at manager.CreateCvHelper.downloadCv(CreateCvHelper.java:170)
	at manager.CreateCvHelper.downloadCv(CreateCvHelper.java:170)
	at manager.CreateCvHelper.downloadCv(CreateCvHelper.java:170)
	at manager.CreateCvHelper.downloadCv(CreateCvHelper.java:170)
	at manager.CreateCvHelper.downloadCv(CreateCvHelper.java:170)
	at manager.CreateCvHelper.downloadCv(CreateCvHelper.java:170)
	at manager.CreateCvHelper.downloadCv(CreateCvHelper.java:170)
	at manager.CreateCvHelper.downloadCv(CreateCvHelper.java:170)
	at manager.CreateCvHelper.downloadCv(CreateCvHelper.java:170)
	at manager.CreateCvHelper.downloadCv(CreateCvHelper.java:170)
	at manager.CreateCvHelper.downloadCv(CreateCvHelper.java:170)
	at manager.CreateCvHelper.downloadCv(CreateCvHelper.java:170)
	at manager.CreateCvHelper.downloadCv(CreateCvHelper.java:170)
	at manager.CreateCvHelper.downloadCv(CreateCvHelper.java:170)
	at manager.CreateCvHelper.downloadCv(CreateCvHelper.java:170)
	at manager.CreateCvHelper.downloadCv(CreateCvHelper.java:170)
	at manager.CreateCvHelper.downloadCv(CreateCvHelper.java:170)
	at manager.CreateCvHelper.downloadCv(CreateCvHelper.java:170)
	at manager.CreateCvHelper.downloadCv(CreateCvHelper.java:170)
	at manager.CreateCvHelper.downloadCv(CreateCvHelper.java:170)
	at manager.CreateCvHelper.downloadCv(CreateCvHelper.java:170)
	at manager.CreateCvHelper.downloadCv(CreateCvHelper.java:170)
	at manager.CreateCvHelper.downloadCv(CreateCvHelper.java:170)
	at manager.CreateCvHelper.downloadCv(CreateCvHelper.java:170)
	at manager.CreateCvHelper.downloadCv(CreateCvHelper.java:170)
	at manager.CreateCvHelper.downloadCv(CreateCvHelper.java:170)
	at manager.CreateCvHelper.downloadCv(CreateCvHelper.java:170)
	at manager.CreateCvHelper.downloadCv(CreateCvHelper.java:170)
	at manager.CreateCvHelper.downloadCv(CreateCvHelper.java:170)
	at manager.CreateCvHelper.downloadCv(CreateCvHelper.java:170)
	at manager.CreateCvHelper.downloadCv(CreateCvHelper.java:170)
	at manager.CreateCvHelper.downloadCv(CreateCvHelper.java:170)
	at manager.CreateCvHelper.downloadCv(CreateCvHelper.java:170)
	at manager.CreateCvHelper.downloadCv(CreateCvHelper.java:170)
	at manager.CreateCvHelper.downloadCv(CreateCvHelper.java:170)
	at manager.CreateCvHelper.downloadCv(CreateCvHelper.java:170)
	at manager.CreateCvHelper.downloadCv(CreateCvHelper.java:170)
	at manager.CreateCvHelper.downloadCv(CreateCvHelper.java:170)
	at manager.CreateCvHelper.downloadCv(CreateCvHelper.java:170)
	at manager.CreateCvHelper.downloadCv(CreateCvHelper.java:170)
	at manager.CreateCvHelper.downloadCv(CreateCvHelper.java:170)
	at manager.CreateCvHelper.downloadCv(CreateCvHelper.java:170)
	at manager.CreateCvHelper.downloadCv(CreateCvHelper.java:170)
	at manager.CreateCvHelper.downloadCv(CreateCvHelper.java:170)
	at manager.CreateCvHelper.downloadCv(CreateCvHelper.java:170)
	at manager.CreateCvHelper.downloadCv(CreateCvHelper.java:170)
	at manager.CreateCvHelper.downloadCv(CreateCvHelper.java:170)
	at manager.CreateCvHelper.downloadCv(CreateCvHelper.java:170)
	at manager.CreateCvHelper.downloadCv(CreateCvHelper.java:170)
	at manager.CreateCvHelper.downloadCv(CreateCvHelper.java:170)
	at manager.CreateCvHelper.downloadCv(CreateCvHelper.java:170)
	at manager.CreateCvHelper.downloadCv(CreateCvHelper.java:170)
	at manager.CreateCvHelper.downloadCv(CreateCvHelper.java:170)
	at manager.CreateCvHelper.downloadCv(CreateCvHelper.java:170)
	at manager.CreateCvHelper.downloadCv(CreateCvHelper.java:170)
	at manager.CreateCvHelper.downloadCv(CreateCvHelper.java:170)
	at manager.CreateCvHelper.downloadCv(CreateCvHelper.java:170)
	at manager.CreateCvHelper.downloadCv(CreateCvHelper.java:170)
	at manager.CreateCvHelper.downloadCv(CreateCvHelper.java:170)
	at manager.CreateCvHelper.downloadCv(CreateCvHelper.java:170)
	at manager.CreateCvHelper.downloadCv(CreateCvHelper.java:170)
	at manager.CreateCvHelper.downloadCv(CreateCvHelper.java:170)
	at manager.CreateCvHelper.downloadCv(CreateCvHelper.java:170)
	at manager.CreateCvHelper.downloadCv(CreateCvHelper.java:170)
	at manager.CreateCvHelper.downloadCv(CreateCvHelper.java:170)
	at manager.CreateCvHelper.downloadCv(CreateCvHelper.java:170)
	at manager.CreateCvHelper.downloadCv(CreateCvHelper.java:170)
	at manager.CreateCvHelper.downloadCv(CreateCvHelper.java:170)
	at manager.CreateCvHelper.downloadCv(CreateCvHelper.java:170)
	at manager.CreateCvHelper.downloadCv(CreateCvHelper.java:170)
	at manager.CreateCvHelper.downloadCv(CreateCvHelper.java:170)
	at manager.CreateCvHelper.downloadCv(CreateCvHelper.java:170)
	at manager.CreateCvHelper.downloadCv(CreateCvHelper.java:170)
	at manager.CreateCvHelper.downloadCv(CreateCvHelper.java:170)
	at manager.CreateCvHelper.downloadCv(CreateCvHelper.java:170)
	at manager.CreateCvHelper.downloadCv(CreateCvHelper.java:170)
	at manager.CreateCvHelper.downloadCv(CreateCvHelper.java:170)
	at manager.CreateCvHelper.downloadCv(CreateCvHelper.java:170)
	at manager.CreateCvHelper.downloadCv(CreateCvHelper.java:170)
	at manager.CreateCvHelper.downloadCv(CreateCvHelper.java:170)
	at manager.CreateCvHelper.downloadCv(CreateCvHelper.java:170)
	at manager.CreateCvHelper.downloadCv(CreateCvHelper.java:170)
	at manager.CreateCvHelper.downloadCv(CreateCvHelper.java:170)
	at manager.CreateCvHelper.downloadCv(CreateCvHelper.java:170)
	at manager.CreateCvHelper.downloadCv(CreateCvHelper.java:170)
	at manager.CreateCvHelper.downloadCv(CreateCvHelper.java:170)
	at manager.CreateCvHelper.downloadCv(CreateCvHelper.java:170)
	at manager.CreateCvHelper.downloadCv(CreateCvHelper.java:170)
	at manager.CreateCvHelper.downloadCv(CreateCvHelper.java:170)
	at manager.CreateCvHelper.downloadCv(CreateCvHelper.java:170)
	at manager.CreateCvHelper.downloadCv(CreateCvHelper.java:170)
	at manager.CreateCvHelper.downloadCv(CreateCvHelper.java:170)
	at manager.CreateCvHelper.downloadCv(CreateCvHelper.java:170)
	at manager.CreateCvHelper.downloadCv(CreateCvHelper.java:170)
	at manager.CreateCvHelper.downloadCv(CreateCvHelper.java:170)
	at manager.CreateCvHelper.downloadCv(CreateCvHelper.java:170)
	at manager.CreateCvHelper.downloadCv(CreateCvHelper.java:170)
	at manager.CreateCvHelper.downloadCv(CreateCvHelper.java:170)
	at manager.CreateCvHelper.downloadCv(CreateCvHelper.java:170)
	at manager.CreateCvHelper.downloadCv(CreateCvHelper.java:170)
	at manager.CreateCvHelper.downloadCv(CreateCvHelper.java:170)
	at manager.CreateCvHelper.downloadCv(CreateCvHelper.java:170)
	at manager.CreateCvHelper.downloadCv(CreateCvHelper.java:170)
	at manager.CreateCvHelper.downloadCv(CreateCvHelper.java:170)
	at manager.CreateCvHelper.downloadCv(CreateCvHelper.java:170)
	at manager.CreateCvHelper.downloadCv(CreateCvHelper.java:170)
	at manager.CreateCvHelper.downloadCv(CreateCvHelper.java:170)
	at manager.CreateCvHelper.downloadCv(CreateCvHelper.java:170)
	at manager.CreateCvHelper.downloadCv(CreateCvHelper.java:170)
	at manager.CreateCvHelper.downloadCv(CreateCvHelper.java:170)
	at manager.CreateCvHelper.downloadCv(CreateCvHelper.java:170)
	at manager.CreateCvHelper.downloadCv(CreateCvHelper.java:170)
	at manager.CreateCvHelper.downloadCv(CreateCvHelper.java:170)
	at manager.CreateCvHelper.downloadCv(CreateCvHelper.java:170)
	at manager.CreateCvHelper.downloadCv(CreateCvHelper.java:170)
	at manager.CreateCvHelper.downloadCv(CreateCvHelper.java:170)
	at manager.CreateCvHelper.downloadCv(CreateCvHelper.java:170)
	at manager.CreateCvHelper.downloadCv(CreateCvHelper.java:170)
	at manager.CreateCvHelper.downloadCv(CreateCvHelper.java:170)
	at manager.CreateCvHelper.downloadCv(CreateCvHelper.java:170)
	at manager.CreateCvHelper.downloadCv(CreateCvHelper.java:170)
	at manager.CreateCvHelper.downloadCv(CreateCvHelper.java:170)
	at manager.CreateCvHelper.downloadCv(CreateCvHelper.java:170)
	at manager.CreateCvHelper.downloadCv(CreateCvHelper.java:170)
	at manager.CreateCvHelper.downloadCv(CreateCvHelper.java:170)
	at manager.CreateCvHelper.downloadCv(CreateCvHelper.java:170)
	at manager.CreateCvHelper.downloadCv(CreateCvHelper.java:170)
	at manager.CreateCvHelper.downloadCv(CreateCvHelper.java:170)
	at manager.CreateCvHelper.downloadCv(CreateCvHelper.java:170)
	at manager.CreateCvHelper.downloadCv(CreateCvHelper.java:170)
	at manager.CreateCvHelper.downloadCv(CreateCvHelper.java:170)
	at manager.CreateCvHelper.downloadCv(CreateCvHelper.java:170)
	at manager.CreateCvHelper.downloadCv(CreateCvHelper.java:170)
	at manager.CreateCvHelper.downloadCv(CreateCvHelper.java:170)
	at manager.CreateCvHelper.downloadCv(CreateCvHelper.java:170)
	at manager.CreateCvHelper.downloadCv(CreateCvHelper.java:170)
	at manager.CreateCvHelper.downloadCv(CreateCvHelper.java:170)
	at manager.CreateCvHelper.downloadCv(CreateCvHelper.java:170)
	at manager.CreateCvHelper.downloadCv(CreateCvHelper.java:170)
	at manager.CreateCvHelper.downloadCv(CreateCvHelper.java:170)
	at manager.CreateCvHelper.downloadCv(CreateCvHelper.java:170)
	at manager.CreateCvHelper.downloadCv(CreateCvHelper.java:170)
	at manager.CreateCvHelper.downloadCv(CreateCvHelper.java:170)
	at manager.CreateCvHelper.downloadCv(CreateCvHelper.java:170)
	at manager.CreateCvHelper.downloadCv(CreateCvHelper.java:170)
	at manager.CreateCvHelper.downloadCv(CreateCvHelper.java:170)
	at manager.CreateCvHelper.downloadCv(CreateCvHelper.java:170)
	at manager.CreateCvHelper.downloadCv(CreateCvHelper.java:170)
	at manager.CreateCvHelper.downloadCv(CreateCvHelper.java:170)
	at manager.CreateCvHelper.downloadCv(CreateCvHelper.java:170)
	at manager.CreateCvHelper.downloadCv(CreateCvHelper.java:170)
	at manager.CreateCvHelper.downloadCv(CreateCvHelper.java:170)
	at manager.CreateCvHelper.downloadCv(CreateCvHelper.java:170)
	at manager.CreateCvHelper.downloadCv(CreateCvHelper.java:170)
	at manager.CreateCvHelper.downloadCv(CreateCvHelper.java:170)
	at manager.CreateCvHelper.downloadCv(CreateCvHelper.java:170)
	at manager.CreateCvHelper.downloadCv(CreateCvHelper.java:170)
	at manager.CreateCvHelper.downloadCv(CreateCvHelper.java:170)
	at manager.CreateCvHelper.downloadCv(CreateCvHelper.java:170)
	at manager.CreateCvHelper.downloadCv(CreateCvHelper.java:170)
	at manager.CreateCvHelper.downloadCv(CreateCvHelper.java:170)
	at manager.CreateCvHelper.downloadCv(CreateCvHelper.java:170)
	at manager.CreateCvHelper.downloadCv(CreateCvHelper.java:170)
	at manager.CreateCvHelper.downloadCv(CreateCvHelper.java:170)
	at manager.CreateCvHelper.downloadCv(CreateCvHelper.java:170)
	at manager.CreateCvHelper.downloadCv(CreateCvHelper.java:170)
	at manager.CreateCvHelper.downloadCv(CreateCvHelper.java:170)
	at manager.CreateCvHelper.downloadCv(CreateCvHelper.java:170)
	at manager.CreateCvHelper.downloadCv(CreateCvHelper.java:170)
	at manager.CreateCvHelper.downloadCv(CreateCvHelper.java:170)
	at manager.CreateCvHelper.downloadCv(CreateCvHelper.java:170)
	at manager.CreateCvHelper.downloadCv(CreateCvHelper.java:170)
	at manager.CreateCvHelper.downloadCv(CreateCvHelper.java:170)
	at manager.CreateCvHelper.downloadCv(CreateCvHelper.java:170)
	at manager.CreateCvHelper.downloadCv(CreateCvHelper.java:170)
	at manager.CreateCvHelper.downloadCv(CreateCvHelper.java:170)
	at manager.CreateCvHelper.downloadCv(CreateCvHelper.java:170)
	at manager.CreateCvHelper.downloadCv(CreateCvHelper.java:170)
	at manager.CreateCvHelper.downloadCv(CreateCvHelper.java:170)
	at manager.CreateCvHelper.downloadCv(CreateCvHelper.java:170)
	at manager.CreateCvHelper.downloadCv(CreateCvHelper.java:170)
	at manager.CreateCvHelper.downloadCv(CreateCvHelper.java:170)
	at manager.CreateCvHelper.downloadCv(CreateCvHelper.java:170)
	at manager.CreateCvHelper.downloadCv(CreateCvHelper.java:170)
	at manager.CreateCvHelper.downloadCv(CreateCvHelper.java:170)
	at manager.CreateCvHelper.downloadCv(CreateCvHelper.java:170)
	at manager.CreateCvHelper.downloadCv(CreateCvHelper.java:170)
	at manager.CreateCvHelper.downloadCv(CreateCvHelper.java:170)
	at manager.CreateCvHelper.downloadCv(CreateCvHelper.java:170)
	at manager.CreateCvHelper.downloadCv(CreateCvHelper.java:170)
	at manager.CreateCvHelper.downloadCv(CreateCvHelper.java:170)
	at manager.CreateCvHelper.downloadCv(CreateCvHelper.java:170)
	at manager.CreateCvHelper.downloadCv(CreateCvHelper.java:170)
	at manager.CreateCvHelper.downloadCv(CreateCvHelper.java:170)
	at manager.CreateCvHelper.downloadCv(CreateCvHelper.java:170)
	at manager.CreateCvHelper.downloadCv(CreateCvHelper.java:170)
	at manager.CreateCvHelper.downloadCv(CreateCvHelper.java:170)
	at manager.CreateCvHelper.downloadCv(CreateCvHelper.java:170)
	at manager.CreateCvHelper.downloadCv(CreateCvHelper.java:170)
	at manager.CreateCvHelper.downloadCv(CreateCvHelper.java:170)
	at manager.CreateCvHelper.downloadCv(CreateCvHelper.java:170)
	at manager.CreateCvHelper.downloadCv(CreateCvHelper.java:170)
	at manager.CreateCvHelper.downloadCv(CreateCvHelper.java:170)
	at manager.CreateCvHelper.downloadCv(CreateCvHelper.java:170)
	at manager.CreateCvHelper.downloadCv(CreateCvHelper.java:170)
	at manager.CreateCvHelper.downloadCv(CreateCvHelper.java:170)
	at manager.CreateCvHelper.downloadCv(CreateCvHelper.java:170)
	at manager.CreateCvHelper.downloadCv(CreateCvHelper.java:170)
	at manager.CreateCvHelper.downloadCv(CreateCvHelper.java:170)
	at manager.CreateCvHelper.downloadCv(CreateCvHelper.java:170)
	at manager.CreateCvHelper.downloadCv(CreateCvHelper.java:170)
	at manager.CreateCvHelper.downloadCv(CreateCvHelper.java:170)
	at manager.CreateCvHelper.downloadCv(CreateCvHelper.java:170)
	at manager.CreateCvHelper.downloadCv(CreateCvHelper.java:170)
	at manager.CreateCvHelper.downloadCv(CreateCvHelper.java:170)
	at manager.CreateCvHelper.downloadCv(CreateCvHelper.java:170)
	at manager.CreateCvHelper.downloadCv(CreateCvHelper.java:170)
	at manager.CreateCvHelper.downloadCv(CreateCvHelper.java:170)
	at manager.CreateCvHelper.downloadCv(CreateCvHelper.java:170)
	at manager.CreateCvHelper.downloadCv(CreateCvHelper.java:170)
	at manager.CreateCvHelper.downloadCv(CreateCvHelper.java:170)
	at manager.CreateCvHelper.downloadCv(CreateCvHelper.java:170)
	at manager.CreateCvHelper.downloadCv(CreateCvHelper.java:170)
	at manager.CreateCvHelper.downloadCv(CreateCvHelper.java:170)
	at manager.CreateCvHelper.downloadCv(CreateCvHelper.java:170)
	at manager.CreateCvHelper.downloadCv(CreateCvHelper.java:170)
	at manager.CreateCvHelper.downloadCv(CreateCvHelper.java:170)
	at manager.CreateCvHelper.downloadCv(CreateCvHelper.java:170)
	at manager.CreateCvHelper.downloadCv(CreateCvHelper.java:170)
	at manager.CreateCvHelper.downloadCv(CreateCvHelper.java:170)
	at manager.CreateCvHelper.downloadCv(CreateCvHelper.java:170)
	at manager.CreateCvHelper.downloadCv(CreateCvHelper.java:170)
	at manager.CreateCvHelper.downloadCv(CreateCvHelper.java:170)
	at manager.CreateCvHelper.downloadCv(CreateCvHelper.java:170)
	at manager.CreateCvHelper.downloadCv(CreateCvHelper.java:170)
	at manager.CreateCvHelper.downloadCv(CreateCvHelper.java:170)
	at manager.CreateCvHelper.downloadCv(CreateCvHelper.java:170)
	at manager.CreateCvHelper.downloadCv(CreateCvHelper.java:170)
	at manager.CreateCvHelper.downloadCv(CreateCvHelper.java:170)
	at manager.CreateCvHelper.downloadCv(CreateCvHelper.java:170)
	at manager.CreateCvHelper.downloadCv(CreateCvHelper.java:170)
	at manager.CreateCvHelper.downloadCv(CreateCvHelper.java:170)
	at manager.CreateCvHelper.downloadCv(CreateCvHelper.java:170)
	at manager.CreateCvHelper.downloadCv(CreateCvHelper.java:170)
	at manager.CreateCvHelper.downloadCv(CreateCvHelper.java:170)
	at manager.CreateCvHelper.downloadCv(CreateCvHelper.java:170)
	at manager.CreateCvHelper.downloadCv(CreateCvHelper.java:170)
	at manager.CreateCvHelper.downloadCv(CreateCvHelper.java:170)
	at manager.CreateCvHelper.downloadCv(CreateCvHelper.java:170)
	at manager.CreateCvHelper.downloadCv(CreateCvHelper.java:170)
	at manager.CreateCvHelper.downloadCv(CreateCvHelper.java:170)
	at manager.CreateCvHelper.downloadCv(CreateCvHelper.java:170)
	at manager.CreateCvHelper.downloadCv(CreateCvHelper.java:170)
	at manager.CreateCvHelper.downloadCv(CreateCvHelper.java:170)
	at manager.CreateCvHelper.downloadCv(CreateCvHelper.java:170)
	at manager.CreateCvHelper.downloadCv(CreateCvHelper.java:170)
	at manager.CreateCvHelper.downloadCv(CreateCvHelper.java:170)
	at manager.CreateCvHelper.downloadCv(CreateCvHelper.java:170)
	at manager.CreateCvHelper.downloadCv(CreateCvHelper.java:170)
	at manager.CreateCvHelper.downloadCv(CreateCvHelper.java:170)
	at manager.CreateCvHelper.downloadCv(CreateCvHelper.java:170)
	at manager.CreateCvHelper.downloadCv(CreateCvHelper.java:170)
	at manager.CreateCvHelper.downloadCv(CreateCvHelper.java:170)
	at manager.CreateCvHelper.downloadCv(CreateCvHelper.java:170)
	at manager.CreateCvHelper.downloadCv(CreateCvHelper.java:170)
	at manager.CreateCvHelper.downloadCv(CreateCvHelper.java:170)
	at manager.CreateCvHelper.downloadCv(CreateCvHelper.java:170)
	at manager.CreateCvHelper.downloadCv(CreateCvHelper.java:170)
	at manager.CreateCvHelper.downloadCv(CreateCvHelper.java:170)
	at manager.CreateCvHelper.downloadCv(CreateCvHelper.java:170)
	at manager.CreateCvHelper.downloadCv(CreateCvHelper.java:170)
	at manager.CreateCvHelper.downloadCv(CreateCvHelper.java:170)
	at manager.CreateCvHelper.downloadCv(CreateCvHelper.java:170)
	at manager.CreateCvHelper.downloadCv(CreateCvHelper.java:170)
	at manager.CreateCvHelper.downloadCv(CreateCvHelper.java:170)
	at manager.CreateCvHelper.downloadCv(CreateCvHelper.java:170)
	at manager.CreateCvHelper.downloadCv(CreateCvHelper.java:170)
	at manager.CreateCvHelper.downloadCv(CreateCvHelper.java:170)
	at manager.CreateCvHelper.downloadCv(CreateCvHelper.java:170)
	at manager.CreateCvHelper.downloadCv(CreateCvHelper.java:170)
	at manager.CreateCvHelper.downloadCv(CreateCvHelper.java:170)
	at manager.CreateCvHelper.downloadCv(CreateCvHelper.java:170)
	at manager.CreateCvHelper.downloadCv(CreateCvHelper.java:170)
	at manager.CreateCvHelper.downloadCv(CreateCvHelper.java:170)
	at manager.CreateCvHelper.downloadCv(CreateCvHelper.java:170)
	at manager.CreateCvHelper.downloadCv(CreateCvHelper.java:170)
	at manager.CreateCvHelper.downloadCv(CreateCvHelper.java:170)
	at manager.CreateCvHelper.downloadCv(CreateCvHelper.java:170)
	at manager.CreateCvHelper.downloadCv(CreateCvHelper.java:170)
	at manager.CreateCvHelper.downloadCv(CreateCvHelper.java:170)
	at manager.CreateCvHelper.downloadCv(CreateCvHelper.java:170)
	at manager.CreateCvHelper.downloadCv(CreateCvHelper.java:170)
	at manager.CreateCvHelper.downloadCv(CreateCvHelper.java:170)
	at manager.CreateCvHelper.downloadCv(CreateCvHelper.java:170)
	at manager.CreateCvHelper.downloadCv(CreateCvHelper.java:170)
	at manager.CreateCvHelper.downloadCv(CreateCvHelper.java:170)
	at manager.CreateCvHelper.downloadCv(CreateCvHelper.java:170)
	at manager.CreateCvHelper.downloadCv(CreateCvHelper.java:170)
	at manager.CreateCvHelper.downloadCv(CreateCvHelper.java:170)
	at manager.CreateCvHelper.downloadCv(CreateCvHelper.java:170)
	at manager.CreateCvHelper.downloadCv(CreateCvHelper.java:170)
	at manager.CreateCvHelper.downloadCv(CreateCvHelper.java:170)
	at manager.CreateCvHelper.downloadCv(CreateCvHelper.java:170)
	at manager.CreateCvHelper.downloadCv(CreateCvHelper.java:170)
	at manager.CreateCvHelper.downloadCv(CreateCvHelper.java:170)
	at manager.CreateCvHelper.downloadCv(CreateCvHelper.java:170)
	at manager.CreateCvHelper.downloadCv(CreateCvHelper.java:170)
	at manager.CreateCvHelper.downloadCv(CreateCvHelper.java:170)
	at manager.CreateCvHelper.downloadCv(CreateCvHelper.java:170)
	at manager.CreateCvHelper.downloadCv(CreateCvHelper.java:170)
	at manager.CreateCvHelper.downloadCv(CreateCvHelper.java:170)
	at manager.CreateCvHelper.downloadCv(CreateCvHelper.java:170)
	at manager.CreateCvHelper.downloadCv(CreateCvHelper.java:170)
	at manager.CreateCvHelper.downloadCv(CreateCvHelper.java:170)
	at manager.CreateCvHelper.downloadCv(CreateCvHelper.java:170)
	at manager.CreateCvHelper.downloadCv(CreateCvHelper.java:170)
	at manager.CreateCvHelper.downloadCv(CreateCvHelper.java:170)
	at manager.CreateCvHelper.downloadCv(CreateCvHelper.java:170)
	at manager.CreateCvHelper.downloadCv(CreateCvHelper.java:170)
	at manager.CreateCvHelper.downloadCv(CreateCvHelper.java:170)
	at manager.CreateCvHelper.downloadCv(CreateCvHelper.java:170)
	at manager.CreateCvHelper.downloadCv(CreateCvHelper.java:170)
	at manager.CreateCvHelper.downloadCv(CreateCvHelper.java:170)
	at manager.CreateCvHelper.downloadCv(CreateCvHelper.java:170)
	at manager.CreateCvHelper.downloadCv(CreateCvHelper.java:170)
	at manager.CreateCvHelper.downloadCv(CreateCvHelper.java:170)
	at manager.CreateCvHelper.downloadCv(CreateCvHelper.java:170)
	at manager.CreateCvHelper.downloadCv(CreateCvHelper.java:170)
	at manager.CreateCvHelper.downloadCv(CreateCvHelper.java:170)
	at manager.CreateCvHelper.downloadCv(CreateCvHelper.java:170)
	at manager.CreateCvHelper.downloadCv(CreateCvHelper.java:170)
	at manager.CreateCvHelper.downloadCv(CreateCvHelper.java:170)
	at manager.CreateCvHelper.downloadCv(CreateCvHelper.java:170)
	at manager.CreateCvHelper.downloadCv(CreateCvHelper.java:170)
	at manager.CreateCvHelper.downloadCv(CreateCvHelper.java:170)
	at manager.CreateCvHelper.downloadCv(CreateCvHelper.java:170)
	at manager.CreateCvHelper.downloadCv(CreateCvHelper.java:170)
	at manager.CreateCvHelper.downloadCv(CreateCvHelper.java:170)
	at manager.CreateCvHelper.downloadCv(CreateCvHelper.java:170)
	at manager.CreateCvHelper.downloadCv(CreateCvHelper.java:170)
	at manager.CreateCvHelper.downloadCv(CreateCvHelper.java:170)
	at manager.CreateCvHelper.downloadCv(CreateCvHelper.java:170)
	at manager.CreateCvHelper.downloadCv(CreateCvHelper.java:170)
	at manager.CreateCvHelper.downloadCv(CreateCvHelper.java:170)
	at manager.CreateCvHelper.downloadCv(CreateCvHelper.java:170)
	at manager.CreateCvHelper.downloadCv(CreateCvHelper.java:170)
	at manager.CreateCvHelper.downloadCv(CreateCvHelper.java:170)
	at manager.CreateCvHelper.downloadCv(CreateCvHelper.java:170)
	at manager.CreateCvHelper.downloadCv(CreateCvHelper.java:170)
	at manager.CreateCvHelper.downloadCv(CreateCvHelper.java:170)
	at manager.CreateCvHelper.downloadCv(CreateCvHelper.java:170)
	at manager.CreateCvHelper.downloadCv(CreateCvHelper.java:170)
	at manager.CreateCvHelper.downloadCv(CreateCvHelper.java:170)
	at manager.CreateCvHelper.downloadCv(CreateCvHelper.java:170)
	at manager.CreateCvHelper.downloadCv(CreateCvHelper.java:170)
	at manager.CreateCvHelper.downloadCv(CreateCvHelper.java:170)
	at manager.CreateCvHelper.downloadCv(CreateCvHelper.java:170)
	at manager.CreateCvHelper.downloadCv(CreateCvHelper.java:170)
	at manager.CreateCvHelper.downloadCv(CreateCvHelper.java:170)
	at manager.CreateCvHelper.downloadCv(CreateCvHelper.java:170)
	at manager.CreateCvHelper.downloadCv(CreateCvHelper.java:170)
	at manager.CreateCvHelper.downloadCv(CreateCvHelper.java:170)
	at manager.CreateCvHelper.downloadCv(CreateCvHelper.java:170)
	at manager.CreateCvHelper.downloadCv(CreateCvHelper.java:170)
	at manager.CreateCvHelper.downloadCv(CreateCvHelper.java:170)
	at manager.CreateCvHelper.downloadCv(CreateCvHelper.java:170)
	at manager.CreateCvHelper.downloadCv(CreateCvHelper.java:170)
	at manager.CreateCvHelper.downloadCv(CreateCvHelper.java:170)
	at manager.CreateCvHelper.downloadCv(CreateCvHelper.java:170)
	at manager.CreateCvHelper.downloadCv(CreateCvHelper.java:170)
	at manager.CreateCvHelper.downloadCv(CreateCvHelper.java:170)
	at manager.CreateCvHelper.downloadCv(CreateCvHelper.java:170)
	at manager.CreateCvHelper.downloadCv(CreateCvHelper.java:170)
	at manager.CreateCvHelper.downloadCv(CreateCvHelper.java:170)
	at manager.CreateCvHelper.downloadCv(CreateCvHelper.java:170)
	at manager.CreateCvHelper.downloadCv(CreateCvHelper.java:170)
	at manager.CreateCvHelper.downloadCv(CreateCvHelper.java:170)
	at manager.CreateCvHelper.downloadCv(CreateCvHelper.java:170)
	at manager.CreateCvHelper.downloadCv(CreateCvHelper.java:170)
	at manager.CreateCvHelper.downloadCv(CreateCvHelper.java:170)
	at manager.CreateCvHelper.downloadCv(CreateCvHelper.java:170)
	at manager.CreateCvHelper.downloadCv(CreateCvHelper.java:170)
	at manager.CreateCvHelper.downloadCv(CreateCvHelper.java:170)
	at manager.CreateCvHelper.downloadCv(CreateCvHelper.java:170)
	at manager.CreateCvHelper.downloadCv(CreateCvHelper.java:170)
	at manager.CreateCvHelper.downloadCv(CreateCvHelper.java:170)
	at manager.CreateCvHelper.downloadCv(CreateCvHelper.java:170)
	at manager.CreateCvHelper.downloadCv(CreateCvHelper.java:170)
	at manager.CreateCvHelper.downloadCv(CreateCvHelper.java:170)
	at manager.CreateCvHelper.downloadCv(CreateCvHelper.java:170)
	at manager.CreateCvHelper.downloadCv(CreateCvHelper.java:170)
	at manager.CreateCvHelper.downloadCv(CreateCvHelper.java:170)
	at manager.CreateCvHelper.downloadCv(CreateCvHelper.java:170)
	at manager.CreateCvHelper.downloadCv(CreateCvHelper.java:170)
	at manager.CreateCvHelper.downloadCv(CreateCvHelper.java:170)
	at manager.CreateCvHelper.downloadCv(CreateCvHelper.java:170)
	at manager.CreateCvHelper.downloadCv(CreateCvHelper.java:170)
	at manager.CreateCvHelper.downloadCv(CreateCvHelper.java:170)
	at manager.CreateCvHelper.downloadCv(CreateCvHelper.java:170)
	at manager.CreateCvHelper.downloadCv(CreateCvHelper.java:170)
	at manager.CreateCvHelper.downloadCv(CreateCvHelper.java:170)
	at manager.CreateCvHelper.downloadCv(CreateCvHelper.java:170)
	at manager.CreateCvHelper.downloadCv(CreateCvHelper.java:170)
	at manager.CreateCvHelper.downloadCv(CreateCvHelper.java:170)
	at manager.CreateCvHelper.downloadCv(CreateCvHelper.java:170)
	at manager.CreateCvHelper.downloadCv(CreateCvHelper.java:170)
	at manager.CreateCvHelper.downloadCv(CreateCvHelper.java:170)
	at manager.CreateCvHelper.downloadCv(CreateCvHelper.java:170)
	at manager.CreateCvHelper.downloadCv(CreateCvHelper.java:170)
	at manager.CreateCvHelper.downloadCv(CreateCvHelper.java:170)
	at manager.CreateCvHelper.downloadCv(CreateCvHelper.java:170)
	at manager.CreateCvHelper.downloadCv(CreateCvHelper.java:170)
	at manager.CreateCvHelper.downloadCv(CreateCvHelper.java:170)
	at manager.CreateCvHelper.downloadCv(CreateCvHelper.java:170)
	at manager.CreateCvHelper.downloadCv(CreateCvHelper.java:170)
	at manager.CreateCvHelper.downloadCv(CreateCvHelper.java:170)
	at manager.CreateCvHelper.downloadCv(CreateCvHelper.java:170)
	at manager.CreateCvHelper.downloadCv(CreateCvHelper.java:170)
	at manager.CreateCvHelper.downloadCv(CreateCvHelper.java:170)
	at manager.CreateCvHelper.downloadCv(CreateCvHelper.java:170)
	at manager.CreateCvHelper.downloadCv(CreateCvHelper.java:170)
	at manager.CreateCvHelper.downloadCv(CreateCvHelper.java:170)
	at manager.CreateCvHelper.downloadCv(CreateCvHelper.java:170)
	at manager.CreateCvHelper.downloadCv(CreateCvHelper.java:170)
	at manager.CreateCvHelper.downloadCv(CreateCvHelper.java:170)
	at manager.CreateCvHelper.downloadCv(CreateCvHelper.java:170)
	at manager.CreateCvHelper.downloadCv(CreateCvHelper.java:170)
	at manager.CreateCvHelper.downloadCv(CreateCvHelper.java:170)
	at manager.CreateCvHelper.downloadCv(CreateCvHelper.java:170)
	at manager.CreateCvHelper.downloadCv(CreateCvHelper.java:170)
	at manager.CreateCvHelper.downloadCv(CreateCvHelper.java:170)
	at manager.CreateCvHelper.downloadCv(CreateCvHelper.java:170)
	at manager.CreateCvHelper.downloadCv(CreateCvHelper.java:170)
	at manager.CreateCvHelper.downloadCv(CreateCvHelper.java:170)
	at manager.CreateCvHelper.downloadCv(CreateCvHelper.java:170)
	at manager.CreateCvHelper.downloadCv(CreateCvHelper.java:170)
	at manager.CreateCvHelper.downloadCv(CreateCvHelper.java:170)
	at manager.CreateCvHelper.downloadCv(CreateCvHelper.java:170)
	at manager.CreateCvHelper.downloadCv(CreateCvHelper.java:170)
	at manager.CreateCvHelper.downloadCv(CreateCvHelper.java:170)
	at manager.CreateCvHelper.downloadCv(CreateCvHelper.java:170)
	at manager.CreateCvHelper.downloadCv(CreateCvHelper.java:170)
	at manager.CreateCvHelper.downloadCv(CreateCvHelper.java:170)
	at manager.CreateCvHelper.downloadCv(CreateCvHelper.java:170)
	at manager.CreateCvHelper.downloadCv(CreateCvHelper.java:170)
	at manager.CreateCvHelper.downloadCv(CreateCvHelper.java:170)
	at manager.CreateCvHelper.downloadCv(CreateCvHelper.java:170)
	at manager.CreateCvHelper.downloadCv(CreateCvHelper.java:170)
	at manager.CreateCvHelper.downloadCv(CreateCvHelper.java:170)
	at manager.CreateCvHelper.downloadCv(CreateCvHelper.java:170)
	at manager.CreateCvHelper.downloadCv(CreateCvHelper.java:170)
	at manager.CreateCvHelper.downloadCv(CreateCvHelper.java:170)
	at manager.CreateCvHelper.downloadCv(CreateCvHelper.java:170)
	at manager.CreateCvHelper.downloadCv(CreateCvHelper.java:170)
	at manager.CreateCvHelper.downloadCv(CreateCvHelper.java:170)
	at manager.CreateCvHelper.downloadCv(CreateCvHelper.java:170)
	at manager.CreateCvHelper.downloadCv(CreateCvHelper.java:170)
	at manager.CreateCvHelper.downloadCv(CreateCvHelper.java:170)
	at manager.CreateCvHelper.downloadCv(CreateCvHelper.java:170)
	at manager.CreateCvHelper.downloadCv(CreateCvHelper.java:170)
	at manager.CreateCvHelper.downloadCv(CreateCvHelper.java:170)
	at manager.CreateCvHelper.downloadCv(CreateCvHelper.java:170)
	at manager.CreateCvHelper.downloadCv(CreateCvHelper.java:170)
	at manager.CreateCvHelper.downloadCv(CreateCvHelper.java:170)
	at manager.CreateCvHelper.downloadCv(CreateCvHelper.java:170)
	at manager.CreateCvHelper.downloadCv(CreateCvHelper.java:170)
	at manager.CreateCvHelper.downloadCv(CreateCvHelper.java:170)
	at manager.CreateCvHelper.downloadCv(CreateCvHelper.java:170)
	at manager.CreateCvHelper.downloadCv(CreateCvHelper.java:170)
	at manager.CreateCvHelper.downloadCv(CreateCvHelper.java:170)
	at manager.CreateCvHelper.downloadCv(CreateCvHelper.java:170)
	at manager.CreateCvHelper.downloadCv(CreateCvHelper.java:170)
	at manager.CreateCvHelper.downloadCv(CreateCvHelper.java:170)
	at manager.CreateCvHelper.downloadCv(CreateCvHelper.java:170)
	at manager.CreateCvHelper.downloadCv(CreateCvHelper.java:170)
	at manager.CreateCvHelper.downloadCv(CreateCvHelper.java:170)
	at manager.CreateCvHelper.downloadCv(CreateCvHelper.java:170)
	at manager.CreateCvHelper.downloadCv(CreateCvHelper.java:170)
	at manager.CreateCvHelper.downloadCv(CreateCvHelper.java:170)
	at manager.CreateCvHelper.downloadCv(CreateCvHelper.java:170)
	at manager.CreateCvHelper.downloadCv(CreateCvHelper.java:170)
	at manager.CreateCvHelper.downloadCv(CreateCvHelper.java:170)
	at manager.CreateCvHelper.downloadCv(CreateCvHelper.java:170)
	at manager.CreateCvHelper.downloadCv(CreateCvHelper.java:170)
	at manager.CreateCvHelper.downloadCv(CreateCvHelper.java:170)
	at manager.CreateCvHelper.downloadCv(CreateCvHelper.java:170)
	at manager.CreateCvHelper.downloadCv(CreateCvHelper.java:170)
	at manager.CreateCvHelper.downloadCv(CreateCvHelper.java:170)
	at manager.CreateCvHelper.downloadCv(CreateCvHelper.java:170)
	at manager.CreateCvHelper.downloadCv(CreateCvHelper.java:170)
	at manager.CreateCvHelper.downloadCv(CreateCvHelper.java:170)
	at manager.CreateCvHelper.downloadCv(CreateCvHelper.java:170)
	at manager.CreateCvHelper.downloadCv(CreateCvHelper.java:170)
</failure>
  </testcase>
  <system-out><![CDATA[22:25:13 INFO  tests.TestBase - start to test method ->>createResume
22:25:13 INFO  manager.MyListener - start search for element with locator->>By.xpath: //span[.='create CV']
22:25:13 INFO  manager.MyListener - element with locator->> By.xpath: //span[.='create CV'] was found
22:25:13 INFO  manager.MyListener - start search for element with locator->>By.xpath: (//div[@class='cover'])[1]
22:25:14 INFO  manager.MyListener - element with locator->> By.xpath: (//div[@class='cover'])[1] was found
22:25:14 INFO  manager.MyListener - start search for element with locator->>By.id: name
22:25:14 INFO  manager.MyListener - element with locator->> By.id: name was found
22:25:14 INFO  manager.MyListener - start search for element with locator->>By.id: position
22:25:14 INFO  manager.MyListener - element with locator->> By.id: position was found
22:25:15 INFO  manager.MyListener - start search for element with locator->>By.xpath: //*[@aria-label='Open calendar']
22:25:15 INFO  manager.MyListener - element with locator->> By.xpath: //*[@aria-label='Open calendar'] was found
22:25:15 INFO  manager.MyListener - start search for element with locator->>By.cssSelector: button[aria-label='Choose month and year']
22:25:15 INFO  manager.MyListener - element with locator->> By.cssSelector: button[aria-label='Choose month and year'] was found
22:25:15 INFO  manager.MyListener - start search for element with locator->>By.cssSelector: tbody[role='grid'] tr:first-child td:first-child
22:25:15 INFO  manager.MyListener - element with locator->> By.cssSelector: tbody[role='grid'] tr:first-child td:first-child was found
22:25:15 INFO  manager.MyListener - start search for element with locator->>By.xpath: //*[@aria-label='Previous 20 years']
22:25:15 INFO  manager.MyListener - element with locator->> By.xpath: //*[@aria-label='Previous 20 years'] was found
22:25:15 INFO  manager.MyListener - start search for element with locator->>By.cssSelector: tbody[role='grid'] tr:first-child td:first-child
22:25:15 INFO  manager.MyListener - element with locator->> By.cssSelector: tbody[role='grid'] tr:first-child td:first-child was found
22:25:15 INFO  manager.MyListener - start search for element with locator->>By.xpath: //*[.=' 1973 ']
22:25:15 INFO  manager.MyListener - element with locator->> By.xpath: //*[.=' 1973 '] was found
22:25:15 INFO  manager.MyListener - start search for element with locator->>By.xpath: //td[.=' AUG ']
22:25:15 INFO  manager.MyListener - element with locator->> By.xpath: //td[.=' AUG '] was found
22:25:15 INFO  manager.MyListener - start search for element with locator->>By.xpath: //div[.=' 12 ']
22:25:15 INFO  manager.MyListener - element with locator->> By.xpath: //div[.=' 12 '] was found
22:25:15 INFO  manager.MyListener - start search for element with locator->>By.id: country
22:25:15 INFO  manager.MyListener - element with locator->> By.id: country was found
22:25:15 INFO  manager.MyListener - start search for element with locator->>By.id: city
22:25:15 INFO  manager.MyListener - element with locator->> By.id: city was found
22:25:16 INFO  manager.MyListener - start search for element with locator->>By.id: phone
22:25:16 INFO  manager.MyListener - element with locator->> By.id: phone was found
22:25:16 INFO  manager.MyListener - start search for element with locator->>By.id: email
22:25:16 INFO  manager.MyListener - element with locator->> By.id: email was found
22:25:16 INFO  manager.MyListener - start search for element with locator->>By.xpath: //span[.='Save']
22:25:16 INFO  manager.MyListener - element with locator->> By.xpath: //span[.='Save'] was found
22:25:16 INFO  manager.MyListener - start search for element with locator->>By.cssSelector: section#header div[class=title] h2
22:25:16 INFO  manager.MyListener - element with locator->> By.cssSelector: section#header div[class=title] h2 was found
22:25:16 INFO  manager.MyListener - start search for element with locator->>By.id: experience
22:25:16 INFO  manager.MyListener - element with locator->> By.id: experience was found
22:25:16 INFO  manager.MyListener - start search for element with locator->>By.id: startDate
22:25:16 INFO  manager.MyListener - element with locator->> By.id: startDate was found
22:25:16 INFO  manager.MyListener - start search for element with locator->>By.id: endDate
22:25:16 INFO  manager.MyListener - element with locator->> By.id: endDate was found
22:25:16 INFO  manager.MyListener - start search for element with locator->>By.id: companyName
22:25:16 INFO  manager.MyListener - element with locator->> By.id: companyName was found
22:25:17 INFO  manager.MyListener - start search for element with locator->>By.id: companyLocation
22:25:17 INFO  manager.MyListener - element with locator->> By.id: companyLocation was found
22:25:17 INFO  manager.MyListener - start search for element with locator->>By.id: url
22:25:17 INFO  manager.MyListener - element with locator->> By.id: url was found
22:25:17 INFO  manager.MyListener - start search for element with locator->>By.id: position
22:25:17 INFO  manager.MyListener - element with locator->> By.id: position was found
22:25:17 INFO  manager.MyListener - start search for element with locator->>By.cssSelector: button[type='submit']
22:25:17 INFO  manager.MyListener - element with locator->> By.cssSelector: button[type='submit'] was found
22:25:17 INFO  manager.MyListener - start search for element with locator->>By.cssSelector: section#experience ul
22:25:17 INFO  manager.MyListener - element with locator->> By.cssSelector: section#experience ul was found
22:25:17 INFO  manager.MyListener - start search for element with locator->>By.xpath: //*[.=' Preview ']
22:25:17 INFO  manager.MyListener - element with locator->> By.xpath: //*[.=' Preview '] was found
22:25:17 INFO  manager.MyListener - start search for element with locator->>By.cssSelector: div[class=slider] div:nth-child(4)
22:25:17 INFO  manager.MyListener - element with locator->> By.cssSelector: div[class=slider] div:nth-child(4) was found
22:25:17 INFO  manager.MyListener - start search for element with locator->>By.cssSelector: div[class=header] button:first-of-type
22:25:17 INFO  manager.MyListener - element with locator->> By.cssSelector: div[class=header] button:first-of-type was found
22:25:18 INFO  tests.TestBase - end to test method ->>createResume
]]></system-out>
  <system-err><![CDATA[]]></system-err>
</testsuite>
